[2025-01-04 16:34:39,669][__main__][INFO] - INFO LEVEL MESSAGE: 

[2025-01-04 16:34:39,672][__main__][INFO] - CONFIG: 
data:
  system: duffing
  type: nonautonomous
  split_ratio: 0.7
  noise_ratio: 25
model:
  fno_flag: true
  kernel_size: 128
  filters: 64
  kernel_size_1: 4
  modes: 200
  velocity_modes: 2000
  input_dim: 1
  lifting_dim: 64
  output_dim: 1
  output_dim_parallel: 1
training:
  batch_size: 5
  pretrain_epochs: 1800
  pretrain_lr: 0.001
  network_epochs: 500
  network_initial_lr: 0.001
  network_decay_steps: 100
  network_decay_rate: 0.98
  network_minimum_lr: 0.0005
  physics_epochs: 1000
  physics_initial_lr: 0.01
  physics_decay_steps: 100
  physics_decay_rate: 0.96
  physics_minimum_lr: 0.001
  alternate_number: 6
  lambda_velocity_int: 0.001
  lambda_l1: 2.0e-07
dirs:
  figures: ./figures/
  results: ./results/
  checkpoints: ./checkpoints/
  profiler: ./tboard/profiler/
  graphs: ./tboard/graphs/
  training: ./tboard/training/
  validation: ./tboard/validation/
  weights: ./tboard/weights/

[2025-01-04 16:34:43,457][__main__][INFO] - Pretrain the displacement network
[2025-01-04 16:34:49,179][__main__][INFO] - Epoch: 1/1800, learning_rate: 0.001000, Training: 7.5606e-02, Validation: 4.5054e-02, 
[2025-01-04 16:35:25,196][__main__][INFO] - Epoch: 101/1800, learning_rate: 0.001000, Training: 3.6269e-04, Validation: 2.9713e-04, 
[2025-01-04 16:35:58,795][__main__][INFO] - Epoch: 201/1800, learning_rate: 0.001000, Training: 4.1472e-04, Validation: 4.4191e-04, 
[2025-01-04 16:36:31,562][__main__][INFO] - Epoch: 301/1800, learning_rate: 0.001000, Training: 5.7953e-04, Validation: 4.3838e-04, 
[2025-01-04 16:37:03,292][__main__][INFO] - Epoch: 401/1800, learning_rate: 0.001000, Training: 2.8102e-04, Validation: 2.8128e-04, 
[2025-01-04 16:37:35,428][__main__][INFO] - Epoch: 501/1800, learning_rate: 0.001000, Training: 2.9891e-04, Validation: 3.1024e-04, 
[2025-01-04 16:38:07,099][__main__][INFO] - Epoch: 601/1800, learning_rate: 0.001000, Training: 2.9248e-04, Validation: 2.8974e-04, 
[2025-01-04 16:38:39,516][__main__][INFO] - Epoch: 701/1800, learning_rate: 0.001000, Training: 6.9284e-04, Validation: 6.1639e-04, 
[2025-01-04 16:39:11,329][__main__][INFO] - Epoch: 801/1800, learning_rate: 0.001000, Training: 2.8151e-04, Validation: 2.8634e-04, 
[2025-01-04 16:39:43,242][__main__][INFO] - Epoch: 901/1800, learning_rate: 0.001000, Training: 2.8930e-04, Validation: 3.0512e-04, 
[2025-01-04 16:40:15,068][__main__][INFO] - Epoch: 1001/1800, learning_rate: 0.001000, Training: 2.7885e-04, Validation: 2.8014e-04, 
[2025-01-04 16:40:47,048][__main__][INFO] - Epoch: 1101/1800, learning_rate: 0.001000, Training: 2.7988e-04, Validation: 2.8002e-04, 
[2025-01-04 16:41:18,998][__main__][INFO] - Epoch: 1201/1800, learning_rate: 0.001000, Training: 3.6745e-04, Validation: 3.3271e-04, 
[2025-01-04 16:41:50,339][__main__][INFO] - Epoch: 1301/1800, learning_rate: 0.001000, Training: 2.8054e-04, Validation: 2.8062e-04, 
[2025-01-04 16:42:21,787][__main__][INFO] - Epoch: 1401/1800, learning_rate: 0.001000, Training: 2.8802e-04, Validation: 2.8533e-04, 
[2025-01-04 16:42:53,317][__main__][INFO] - Epoch: 1501/1800, learning_rate: 0.001000, Training: 2.8856e-04, Validation: 2.9061e-04, 
[2025-01-04 16:43:24,920][__main__][INFO] - Epoch: 1601/1800, learning_rate: 0.001000, Training: 2.9228e-04, Validation: 3.0199e-04, 
[2025-01-04 16:43:56,995][__main__][INFO] - Epoch: 1701/1800, learning_rate: 0.001000, Training: 2.8704e-04, Validation: 2.9664e-04, 
[2025-01-04 16:44:30,411][__main__][INFO] - ------------------------------------------------------------------------------------------------------
[2025-01-04 16:44:30,412][__main__][INFO] - Iteration 1, Physics training
[2025-01-04 16:44:30,879][__main__][INFO] - Epoch: 1/1000, learning_rate: 0.009988, Training: 3.1022e-03, 
Validation: 2.9677e-03, velocity: 2.9636e+00, l1: 2.0749e+01
[2025-01-04 16:45:15,201][__main__][INFO] - Epoch: 101/1000, learning_rate: 0.008837, Training: 6.7477e-05, 
Validation: 6.7281e-05, velocity: 6.5069e-02, l1: 1.1059e+01
[2025-01-04 16:45:59,983][__main__][INFO] - Epoch: 201/1000, learning_rate: 0.007818, Training: 4.4925e-05, 
Validation: 4.4813e-05, velocity: 4.1573e-02, l1: 1.6205e+01
[2025-01-04 16:46:45,088][__main__][INFO] - Epoch: 301/1000, learning_rate: 0.006917, Training: 3.2135e-05, 
Validation: 3.2071e-05, velocity: 2.8037e-02, l1: 2.0169e+01
[2025-01-04 16:47:29,888][__main__][INFO] - Epoch: 401/1000, learning_rate: 0.006120, Training: 2.4617e-05, 
Validation: 2.4578e-05, velocity: 1.9978e-02, l1: 2.3002e+01
[2025-01-04 16:48:14,632][__main__][INFO] - Epoch: 501/1000, learning_rate: 0.005414, Training: 1.9888e-05, 
Validation: 1.9863e-05, velocity: 1.4861e-02, l1: 2.5012e+01
[2025-01-04 16:48:59,904][__main__][INFO] - Epoch: 601/1000, learning_rate: 0.004790, Training: 1.6690e-05, 
Validation: 1.6673e-05, velocity: 1.1398e-02, l1: 2.6373e+01
[2025-01-04 16:49:45,092][__main__][INFO] - Epoch: 701/1000, learning_rate: 0.004238, Training: 1.4390e-05, 
Validation: 1.4376e-05, velocity: 8.9342e-03, l1: 2.7210e+01
[2025-01-04 16:50:30,623][__main__][INFO] - Epoch: 801/1000, learning_rate: 0.003750, Training: 1.2652e-05, 
Validation: 1.2642e-05, velocity: 7.1156e-03, l1: 2.7632e+01
[2025-01-04 16:51:17,091][__main__][INFO] - Epoch: 901/1000, learning_rate: 0.003317, Training: 1.1373e-05, 
Validation: 1.1366e-05, velocity: 5.7582e-03, l1: 2.8039e+01
[2025-01-04 16:52:02,001][__main__][INFO] - Updated acceleration function: 0.7052*f-8.3578*x-4.2251*y-5.9931*tf.pow(x, 3)-0.9285*tf.multiply(tf.pow(x, 2), y)-0.8391*tf.multiply(x, tf.pow(y, 2))+0.3881*tf.pow(y, 3)+0.9080*tf.multiply(x, tf.pow(y, 3))-4.5940*tf.pow(x, 5)+1.2018*tf.pow(y, 5)
[2025-01-04 16:52:02,005][__main__][INFO] - ------------------------------------------------------------------------------------------------------
[2025-01-04 16:52:02,005][__main__][INFO] - Iteration 1, Network training
[2025-01-04 16:52:02,436][__main__][INFO] - Epoch: 1/500, learning_rate: 0.000999, Training: 5.0744e-02, 
Validation: 1.5322e-02, displacement: 9.3547e-03, velocity: 5.9673e+00, 
[2025-01-04 16:52:42,988][__main__][INFO] - Epoch: 101/500, learning_rate: 0.000941, Training: 2.8892e-04, 
Validation: 2.9078e-04, displacement: 2.8591e-04, velocity: 4.8657e-03, 
[2025-01-04 16:53:19,658][__main__][INFO] - Epoch: 201/500, learning_rate: 0.000885, Training: 2.8362e-04, 
Validation: 2.8602e-04, displacement: 2.8129e-04, velocity: 4.7277e-03, 
[2025-01-04 16:53:55,206][__main__][INFO] - Epoch: 301/500, learning_rate: 0.000833, Training: 2.8498e-04, 
Validation: 2.8600e-04, displacement: 2.8115e-04, velocity: 4.8458e-03, 
[2025-01-04 16:54:30,036][__main__][INFO] - Epoch: 401/500, learning_rate: 0.000784, Training: 2.8473e-04, 
Validation: 2.8615e-04, displacement: 2.8142e-04, velocity: 4.7355e-03, 
[2025-01-04 16:55:05,691][__main__][INFO] - ------------------------------------------------------------------------------------------------------
[2025-01-04 16:55:05,691][__main__][INFO] - Iteration 2, Physics training
[2025-01-04 16:55:06,113][__main__][INFO] - Epoch: 1/1000, learning_rate: 0.002935, Training: 1.0364e-05, 
Validation: 1.0356e-05, velocity: 4.7280e-03, l1: 2.8142e+01
[2025-01-04 16:55:46,117][__main__][INFO] - Epoch: 101/1000, learning_rate: 0.002597, Training: 9.4978e-06, 
Validation: 9.4933e-06, velocity: 3.8699e-03, l1: 2.8117e+01
[2025-01-04 16:56:26,175][__main__][INFO] - Epoch: 201/1000, learning_rate: 0.002297, Training: 8.9270e-06, 
Validation: 8.9237e-06, velocity: 3.3123e-03, l1: 2.8057e+01
[2025-01-04 16:57:05,964][__main__][INFO] - Epoch: 301/1000, learning_rate: 0.002033, Training: 8.4867e-06, 
Validation: 8.4841e-06, velocity: 2.8892e-03, l1: 2.7974e+01
[2025-01-04 16:57:45,619][__main__][INFO] - Epoch: 401/1000, learning_rate: 0.001798, Training: 8.1534e-06, 
Validation: 8.1514e-06, velocity: 2.5335e-03, l1: 2.8090e+01
[2025-01-04 16:58:25,321][__main__][INFO] - Epoch: 501/1000, learning_rate: 0.001591, Training: 7.8970e-06, 
Validation: 7.8955e-06, velocity: 2.2299e-03, l1: 2.8328e+01
[2025-01-04 16:59:04,916][__main__][INFO] - Epoch: 601/1000, learning_rate: 0.001408, Training: 7.6882e-06, 
Validation: 7.6870e-06, velocity: 1.9793e-03, l1: 2.8538e+01
[2025-01-04 16:59:45,569][__main__][INFO] - Epoch: 701/1000, learning_rate: 0.001245, Training: 7.5172e-06, 
Validation: 7.5162e-06, velocity: 1.7720e-03, l1: 2.8721e+01
[2025-01-04 17:00:25,812][__main__][INFO] - Epoch: 801/1000, learning_rate: 0.001102, Training: 7.3762e-06, 
Validation: 7.3754e-06, velocity: 1.5997e-03, l1: 2.8878e+01
[2025-01-04 17:01:05,899][__main__][INFO] - Epoch: 901/1000, learning_rate: 0.001000, Training: 7.2591e-06, 
Validation: 7.2583e-06, velocity: 1.4558e-03, l1: 2.9013e+01
[2025-01-04 17:01:45,942][__main__][INFO] - Updated acceleration function: 0.8411*f-8.9365*x-6.5964*y-7.1792*tf.pow(x, 3)-1.0646*tf.multiply(x, tf.pow(y, 2))-3.3318*tf.pow(x, 5)+1.1415*tf.pow(y, 5)
[2025-01-04 17:01:45,947][__main__][INFO] - ------------------------------------------------------------------------------------------------------
[2025-01-04 17:01:45,947][__main__][INFO] - Iteration 2, Network training
[2025-01-04 17:01:46,292][__main__][INFO] - Epoch: 1/500, learning_rate: 0.000738, Training: 3.1884e-04, 
Validation: 6.5254e-04, displacement: 3.4153e-04, velocity: 3.1101e-01, 
[2025-01-04 17:02:22,540][__main__][INFO] - Epoch: 101/500, learning_rate: 0.000695, Training: 2.7776e-04, 
Validation: 2.8115e-04, displacement: 2.7989e-04, velocity: 1.2667e-03, 
[2025-01-04 17:02:57,940][__main__][INFO] - Epoch: 201/500, learning_rate: 0.000654, Training: 2.7729e-04, 
Validation: 2.8070e-04, displacement: 2.7945e-04, velocity: 1.2547e-03, 
[2025-01-04 17:03:31,450][__main__][INFO] - Epoch: 301/500, learning_rate: 0.000615, Training: 2.7721e-04, 
Validation: 2.8062e-04, displacement: 2.7938e-04, velocity: 1.2479e-03, 
[2025-01-04 17:04:04,176][__main__][INFO] - Epoch: 401/500, learning_rate: 0.000579, Training: 2.7732e-04, 
Validation: 2.8060e-04, displacement: 2.7935e-04, velocity: 1.2479e-03, 
[2025-01-04 17:04:37,122][__main__][INFO] - ------------------------------------------------------------------------------------------------------
[2025-01-04 17:04:37,122][__main__][INFO] - Iteration 3, Physics training
[2025-01-04 17:04:37,494][__main__][INFO] - Epoch: 1/1000, learning_rate: 0.001000, Training: 7.0816e-06, 
Validation: 7.0799e-06, velocity: 1.2611e-03, l1: 2.9094e+01
[2025-01-04 17:05:16,184][__main__][INFO] - Epoch: 101/1000, learning_rate: 0.001000, Training: 6.9376e-06, 
Validation: 6.9370e-06, velocity: 1.0865e-03, l1: 2.9252e+01
[2025-01-04 17:05:53,957][__main__][INFO] - Epoch: 201/1000, learning_rate: 0.001000, Training: 6.8574e-06, 
Validation: 6.8569e-06, velocity: 9.7874e-04, l1: 2.9391e+01
[2025-01-04 17:06:32,018][__main__][INFO] - Epoch: 301/1000, learning_rate: 0.001000, Training: 6.7911e-06, 
Validation: 6.7907e-06, velocity: 8.8746e-04, l1: 2.9516e+01
[2025-01-04 17:07:09,970][__main__][INFO] - Epoch: 401/1000, learning_rate: 0.001000, Training: 6.7356e-06, 
Validation: 6.7352e-06, velocity: 8.0819e-04, l1: 2.9635e+01
[2025-01-04 17:07:48,404][__main__][INFO] - Epoch: 501/1000, learning_rate: 0.001000, Training: 6.6890e-06, 
Validation: 6.6887e-06, velocity: 7.3911e-04, l1: 2.9748e+01
[2025-01-04 17:08:26,506][__main__][INFO] - Epoch: 601/1000, learning_rate: 0.001000, Training: 6.6499e-06, 
Validation: 6.6496e-06, velocity: 6.7946e-04, l1: 2.9851e+01
[2025-01-04 17:09:04,300][__main__][INFO] - Epoch: 701/1000, learning_rate: 0.001000, Training: 6.6171e-06, 
Validation: 6.6169e-06, velocity: 6.2872e-04, l1: 2.9941e+01
[2025-01-04 17:09:41,762][__main__][INFO] - Epoch: 801/1000, learning_rate: 0.001000, Training: 6.5892e-06, 
Validation: 6.5891e-06, velocity: 5.8633e-04, l1: 3.0014e+01
[2025-01-04 17:10:19,103][__main__][INFO] - Epoch: 901/1000, learning_rate: 0.001000, Training: 6.5653e-06, 
Validation: 6.5651e-06, velocity: 5.5156e-04, l1: 3.0068e+01
[2025-01-04 17:10:56,517][__main__][INFO] - Updated acceleration function: 0.9134*f-9.0642*x-7.6105*y-8.3473*tf.pow(x, 3)-0.9495*tf.multiply(x, tf.pow(y, 2))-2.3156*tf.pow(x, 5)+0.9008*tf.pow(y, 5)
[2025-01-04 17:10:56,520][__main__][INFO] - ------------------------------------------------------------------------------------------------------
[2025-01-04 17:10:56,521][__main__][INFO] - Iteration 3, Network training
[2025-01-04 17:10:56,861][__main__][INFO] - Epoch: 1/500, learning_rate: 0.000545, Training: 2.7871e-04, 
Validation: 2.9014e-04, displacement: 2.8031e-04, velocity: 9.8332e-03, 
[2025-01-04 17:11:32,771][__main__][INFO] - Epoch: 101/500, learning_rate: 0.000513, Training: 2.7705e-04, 
Validation: 2.8000e-04, displacement: 2.7949e-04, velocity: 5.0791e-04, 
[2025-01-04 17:12:07,401][__main__][INFO] - Epoch: 201/500, learning_rate: 0.000500, Training: 2.7819e-04, 
Validation: 2.8035e-04, displacement: 2.7984e-04, velocity: 5.1173e-04, 
[2025-01-04 17:12:41,789][__main__][INFO] - Epoch: 301/500, learning_rate: 0.000500, Training: 3.4437e-04, 
Validation: 3.9593e-04, displacement: 2.9803e-04, velocity: 9.7896e-02, 
[2025-01-04 17:13:14,631][__main__][INFO] - Epoch: 401/500, learning_rate: 0.000500, Training: 2.7839e-04, 
Validation: 2.8107e-04, displacement: 2.8056e-04, velocity: 5.0568e-04, 
[2025-01-04 17:13:49,049][__main__][INFO] - ------------------------------------------------------------------------------------------------------
[2025-01-04 17:13:49,049][__main__][INFO] - Iteration 4, Physics training
[2025-01-04 17:13:49,574][__main__][INFO] - Epoch: 1/1000, learning_rate: 0.001000, Training: 6.5262e-06, 
Validation: 6.5252e-06, velocity: 5.0480e-04, l1: 3.0102e+01
[2025-01-04 17:14:27,730][__main__][INFO] - Epoch: 101/1000, learning_rate: 0.001000, Training: 6.4934e-06, 
Validation: 6.4932e-06, velocity: 4.8230e-04, l1: 3.0055e+01
[2025-01-04 17:15:05,224][__main__][INFO] - Epoch: 201/1000, learning_rate: 0.001000, Training: 6.4751e-06, 
Validation: 6.4749e-06, velocity: 4.6981e-04, l1: 3.0026e+01
[2025-01-04 17:15:42,954][__main__][INFO] - Epoch: 301/1000, learning_rate: 0.001000, Training: 6.4580e-06, 
Validation: 6.4578e-06, velocity: 4.5783e-04, l1: 3.0000e+01
[2025-01-04 17:16:20,794][__main__][INFO] - Epoch: 401/1000, learning_rate: 0.001000, Training: 6.4413e-06, 
Validation: 6.4412e-06, velocity: 4.4776e-04, l1: 2.9967e+01
[2025-01-04 17:16:58,495][__main__][INFO] - Epoch: 501/1000, learning_rate: 0.001000, Training: 6.4249e-06, 
Validation: 6.4248e-06, velocity: 4.3975e-04, l1: 2.9925e+01
[2025-01-04 17:17:36,277][__main__][INFO] - Epoch: 601/1000, learning_rate: 0.001000, Training: 6.4087e-06, 
Validation: 6.4086e-06, velocity: 4.3347e-04, l1: 2.9876e+01
[2025-01-04 17:18:14,026][__main__][INFO] - Epoch: 701/1000, learning_rate: 0.001000, Training: 6.3926e-06, 
Validation: 6.3925e-06, velocity: 4.2849e-04, l1: 2.9820e+01
[2025-01-04 17:18:51,806][__main__][INFO] - Epoch: 801/1000, learning_rate: 0.001000, Training: 6.3767e-06, 
Validation: 6.3766e-06, velocity: 4.2443e-04, l1: 2.9761e+01
[2025-01-04 17:19:29,614][__main__][INFO] - Epoch: 901/1000, learning_rate: 0.001000, Training: 6.3609e-06, 
Validation: 6.3607e-06, velocity: 4.2102e-04, l1: 2.9699e+01
[2025-01-04 17:20:07,298][__main__][INFO] - Updated acceleration function: 0.9255*f-8.9874*x-7.7427*y-9.5199*tf.pow(x, 3)-0.4726*tf.multiply(x, tf.pow(y, 2))-1.1923*tf.pow(x, 5)+0.7946*tf.pow(y, 5)
[2025-01-04 17:20:07,302][__main__][INFO] - ------------------------------------------------------------------------------------------------------
[2025-01-04 17:20:07,302][__main__][INFO] - Iteration 4, Network training
[2025-01-04 17:20:07,640][__main__][INFO] - Epoch: 1/500, learning_rate: 0.000500, Training: 2.7960e-04, 
Validation: 2.8507e-04, displacement: 2.8312e-04, velocity: 1.9502e-03, 
[2025-01-04 17:20:41,109][__main__][INFO] - Epoch: 101/500, learning_rate: 0.000500, Training: 2.9115e-04, 
Validation: 2.9176e-04, displacement: 2.9004e-04, velocity: 1.7198e-03, 
[2025-01-04 17:21:14,114][__main__][INFO] - Epoch: 201/500, learning_rate: 0.000500, Training: 3.3486e-04, 
Validation: 3.0377e-04, displacement: 2.8738e-04, velocity: 1.6386e-02, 
[2025-01-04 17:21:46,838][__main__][INFO] - Epoch: 301/500, learning_rate: 0.000500, Training: 3.1133e-04, 
Validation: 2.8304e-04, displacement: 2.8233e-04, velocity: 7.1134e-04, 
[2025-01-04 17:22:19,685][__main__][INFO] - Epoch: 401/500, learning_rate: 0.000500, Training: 2.7719e-04, 
Validation: 2.8055e-04, displacement: 2.7984e-04, velocity: 7.0109e-04, 
[2025-01-04 17:22:53,187][__main__][INFO] - ------------------------------------------------------------------------------------------------------
[2025-01-04 17:22:53,188][__main__][INFO] - Iteration 5, Physics training
[2025-01-04 17:22:53,517][__main__][INFO] - Epoch: 1/1000, learning_rate: 0.001000, Training: 6.3887e-06, 
Validation: 6.3764e-06, velocity: 4.4922e-04, l1: 2.9636e+01
[2025-01-04 17:23:32,234][__main__][INFO] - Epoch: 101/1000, learning_rate: 0.001000, Training: 6.2785e-06, 
Validation: 6.2783e-06, velocity: 4.1320e-04, l1: 2.9326e+01
[2025-01-04 17:24:10,298][__main__][INFO] - Epoch: 201/1000, learning_rate: 0.001000, Training: 6.2613e-06, 
Validation: 6.2612e-06, velocity: 4.1551e-04, l1: 2.9229e+01
[2025-01-04 17:24:47,311][__main__][INFO] - Epoch: 301/1000, learning_rate: 0.001000, Training: 6.2461e-06, 
Validation: 6.2460e-06, velocity: 4.1171e-04, l1: 2.9171e+01
[2025-01-04 17:25:24,391][__main__][INFO] - Epoch: 401/1000, learning_rate: 0.001000, Training: 6.2311e-06, 
Validation: 6.2310e-06, velocity: 4.0776e-04, l1: 2.9116e+01
[2025-01-04 17:26:01,599][__main__][INFO] - Epoch: 501/1000, learning_rate: 0.001000, Training: 6.2165e-06, 
Validation: 6.2163e-06, velocity: 4.0452e-04, l1: 2.9059e+01
[2025-01-04 17:26:38,506][__main__][INFO] - Epoch: 601/1000, learning_rate: 0.001000, Training: 6.2018e-06, 
Validation: 6.2018e-06, velocity: 4.0191e-04, l1: 2.8999e+01
[2025-01-04 17:27:15,644][__main__][INFO] - Epoch: 701/1000, learning_rate: 0.001000, Training: 6.1875e-06, 
Validation: 6.1874e-06, velocity: 3.9978e-04, l1: 2.8938e+01
[2025-01-04 17:27:53,226][__main__][INFO] - Epoch: 801/1000, learning_rate: 0.001000, Training: 6.1732e-06, 
Validation: 6.1732e-06, velocity: 3.9801e-04, l1: 2.8876e+01
[2025-01-04 17:28:30,726][__main__][INFO] - Epoch: 901/1000, learning_rate: 0.001000, Training: 6.1599e-06, 
Validation: 6.1597e-06, velocity: 3.9240e-04, l1: 2.8837e+01
[2025-01-04 17:29:08,124][__main__][INFO] - Updated acceleration function: 0.9269*f-8.8720*x-7.7023*y-10.6858*tf.pow(x, 3)-0.1474*tf.pow(x, 5)+0.4783*tf.pow(y, 5)
[2025-01-04 17:29:08,128][__main__][INFO] - ------------------------------------------------------------------------------------------------------
[2025-01-04 17:29:08,128][__main__][INFO] - Iteration 5, Network training
[2025-01-04 17:29:08,455][__main__][INFO] - Epoch: 1/500, learning_rate: 0.000500, Training: 2.9831e-04, 
Validation: 4.0109e-04, displacement: 3.0351e-04, velocity: 9.7581e-02, 
[2025-01-04 17:29:41,980][__main__][INFO] - Epoch: 101/500, learning_rate: 0.000500, Training: 2.7637e-04, 
Validation: 2.7979e-04, displacement: 2.7938e-04, velocity: 4.1343e-04, 
[2025-01-04 17:30:14,801][__main__][INFO] - Epoch: 201/500, learning_rate: 0.000500, Training: 2.7688e-04, 
Validation: 2.8043e-04, displacement: 2.7956e-04, velocity: 8.6590e-04, 
[2025-01-04 17:30:47,862][__main__][INFO] - Epoch: 301/500, learning_rate: 0.000500, Training: 3.0026e-04, 
Validation: 2.8177e-04, displacement: 2.7955e-04, velocity: 2.2269e-03, 
[2025-01-04 17:31:20,576][__main__][INFO] - Epoch: 401/500, learning_rate: 0.000500, Training: 2.7916e-04, 
Validation: 2.8190e-04, displacement: 2.7934e-04, velocity: 2.5524e-03, 
[2025-01-04 17:31:53,696][__main__][INFO] - ------------------------------------------------------------------------------------------------------
[2025-01-04 17:31:53,697][__main__][INFO] - Iteration 6, Physics training
[2025-01-04 17:31:54,071][__main__][INFO] - Epoch: 1/1000, learning_rate: 0.001000, Training: 6.1419e-06, 
Validation: 6.1264e-06, velocity: 3.6309e-04, l1: 2.8817e+01
[2025-01-04 17:32:31,176][__main__][INFO] - Epoch: 101/1000, learning_rate: 0.001000, Training: 6.0695e-06, 
Validation: 6.0695e-06, velocity: 3.4941e-04, l1: 2.8600e+01
[2025-01-04 17:33:07,684][__main__][INFO] - Epoch: 201/1000, learning_rate: 0.001000, Training: 6.0609e-06, 
Validation: 6.0608e-06, velocity: 3.4492e-04, l1: 2.8579e+01
[2025-01-04 17:33:42,928][__main__][INFO] - Epoch: 301/1000, learning_rate: 0.001000, Training: 6.0579e-06, 
Validation: 6.0579e-06, velocity: 3.3020e-04, l1: 2.8639e+01
[2025-01-04 17:34:17,218][__main__][INFO] - Epoch: 401/1000, learning_rate: 0.001000, Training: 6.0562e-06, 
Validation: 6.0562e-06, velocity: 3.1804e-04, l1: 2.8691e+01
[2025-01-04 17:34:50,977][__main__][INFO] - Epoch: 501/1000, learning_rate: 0.001000, Training: 6.0552e-06, 
Validation: 6.0553e-06, velocity: 3.0871e-04, l1: 2.8733e+01
[2025-01-04 17:35:24,606][__main__][INFO] - Epoch: 601/1000, learning_rate: 0.001000, Training: 6.0546e-06, 
Validation: 6.0547e-06, velocity: 3.0171e-04, l1: 2.8765e+01
[2025-01-04 17:35:57,821][__main__][INFO] - Epoch: 701/1000, learning_rate: 0.001000, Training: 6.0543e-06, 
Validation: 6.0543e-06, velocity: 2.9643e-04, l1: 2.8789e+01
[2025-01-04 17:36:30,684][__main__][INFO] - Epoch: 801/1000, learning_rate: 0.001000, Training: 6.0541e-06, 
Validation: 6.0542e-06, velocity: 2.9258e-04, l1: 2.8808e+01
[2025-01-04 17:37:03,592][__main__][INFO] - Epoch: 901/1000, learning_rate: 0.001000, Training: 6.0540e-06, 
Validation: 6.0540e-06, velocity: 2.8975e-04, l1: 2.8821e+01
[2025-01-04 17:37:36,038][__main__][INFO] - Updated acceleration function: 0.9337*f-8.8080*x-7.7003*y-11.1676*tf.pow(x, 3)+0.2209*tf.pow(y, 5)
[2025-01-04 17:37:36,041][__main__][INFO] - ------------------------------------------------------------------------------------------------------
[2025-01-04 17:37:36,042][__main__][INFO] - Iteration 6, Network training
[2025-01-04 17:37:36,366][__main__][INFO] - Epoch: 1/500, learning_rate: 0.000500, Training: 2.9283e-04, 
Validation: 4.9862e-04, displacement: 3.2054e-04, velocity: 1.7808e-01, 
[2025-01-04 17:38:08,683][__main__][INFO] - Epoch: 101/500, learning_rate: 0.000500, Training: 2.7675e-04, 
Validation: 2.8012e-04, displacement: 2.7951e-04, velocity: 6.1166e-04, 
[2025-01-04 17:38:42,218][__main__][INFO] - Epoch: 201/500, learning_rate: 0.000500, Training: 2.7607e-04, 
Validation: 2.7941e-04, displacement: 2.7913e-04, velocity: 2.8317e-04, 
[2025-01-04 17:39:15,231][__main__][INFO] - Epoch: 301/500, learning_rate: 0.000500, Training: 2.7617e-04, 
Validation: 2.7986e-04, displacement: 2.7932e-04, velocity: 5.4582e-04, 
[2025-01-04 17:39:47,241][__main__][INFO] - Epoch: 401/500, learning_rate: 0.000500, Training: 2.7658e-04, 
Validation: 2.8089e-04, displacement: 2.7935e-04, velocity: 1.5405e-03, 
