[2025-01-03 23:14:27,458][__main__][INFO] - INFO LEVEL MESSAGE: 

[2025-01-03 23:14:27,462][__main__][INFO] - CONFIG: 
data:
  system: duffing
  type: nonautonomous
  split_ratio: 0.7
  noise_ratio: 15
model:
  fno_flag: true
  kernel_size: 128
  filters: 64
  kernel_size_1: 4
  modes: 200
  velocity_modes: 2000
  input_dim: 1
  lifting_dim: 64
  output_dim: 1
  output_dim_parallel: 1
training:
  batch_size: 5
  pretrain_epochs: 1800
  pretrain_lr: 0.001
  network_epochs: 800
  network_initial_lr: 0.001
  network_decay_steps: 100
  network_decay_rate: 0.98
  network_minimum_lr: 0.0005
  physics_epochs: 1000
  physics_initial_lr: 0.01
  physics_decay_steps: 100
  physics_decay_rate: 0.96
  physics_minimum_lr: 0.001
  alternate_number: 0
  lambda_velocity_int: 0.002
  lambda_l1: 1.0e-06
dirs:
  figures: ./figures/
  results: ./results/
  checkpoints: ./checkpoints/
  profiler: ./tboard/profiler/
  graphs: ./tboard/graphs/
  training: ./tboard/training/
  validation: ./tboard/validation/
  weights: ./tboard/weights/

[2025-01-03 23:14:27,688][__main__][INFO] - Pretrain the displacement network
[2025-01-03 23:14:28,058][__main__][INFO] - Epoch: 1/1800, learning_rate: 0.001000, Training: 1.1106e-01, Validation: 7.9786e-02, 
[2025-01-03 23:15:01,741][__main__][INFO] - Epoch: 101/1800, learning_rate: 0.001000, Training: 3.7679e-03, Validation: 3.8508e-03, 
[2025-01-03 23:15:34,514][__main__][INFO] - Epoch: 201/1800, learning_rate: 0.001000, Training: 3.7693e-03, Validation: 3.8578e-03, 
[2025-01-03 23:16:06,798][__main__][INFO] - Epoch: 301/1800, learning_rate: 0.001000, Training: 3.7428e-03, Validation: 3.8362e-03, 
[2025-01-03 23:16:38,941][__main__][INFO] - Epoch: 401/1800, learning_rate: 0.001000, Training: 3.7481e-03, Validation: 3.8501e-03, 
[2025-01-03 23:17:10,913][__main__][INFO] - Epoch: 501/1800, learning_rate: 0.001000, Training: 4.6727e-03, Validation: 5.3128e-03, 
[2025-01-03 23:17:42,797][__main__][INFO] - Epoch: 601/1800, learning_rate: 0.001000, Training: 3.7496e-03, Validation: 3.8431e-03, 
[2025-01-03 23:18:14,826][__main__][INFO] - Epoch: 701/1800, learning_rate: 0.001000, Training: 3.8322e-03, Validation: 3.8558e-03, 
[2025-01-03 23:18:46,977][__main__][INFO] - Epoch: 801/1800, learning_rate: 0.001000, Training: 3.7753e-03, Validation: 3.8500e-03, 
[2025-01-03 23:19:18,896][__main__][INFO] - Epoch: 901/1800, learning_rate: 0.001000, Training: 3.7464e-03, Validation: 3.8486e-03, 
[2025-01-03 23:19:50,980][__main__][INFO] - Epoch: 1001/1800, learning_rate: 0.001000, Training: 3.7444e-03, Validation: 3.8515e-03, 
[2025-01-03 23:20:23,077][__main__][INFO] - Epoch: 1101/1800, learning_rate: 0.001000, Training: 3.7417e-03, Validation: 3.8528e-03, 
[2025-01-03 23:20:55,206][__main__][INFO] - Epoch: 1201/1800, learning_rate: 0.001000, Training: 3.7326e-03, Validation: 3.8389e-03, 
[2025-01-03 23:21:27,159][__main__][INFO] - Epoch: 1301/1800, learning_rate: 0.001000, Training: 3.7335e-03, Validation: 3.8420e-03, 
[2025-01-03 23:21:59,372][__main__][INFO] - Epoch: 1401/1800, learning_rate: 0.001000, Training: 3.7314e-03, Validation: 3.8396e-03, 
[2025-01-03 23:22:31,403][__main__][INFO] - Epoch: 1501/1800, learning_rate: 0.001000, Training: 3.7372e-03, Validation: 3.8433e-03, 
[2025-01-03 23:23:03,610][__main__][INFO] - Epoch: 1601/1800, learning_rate: 0.001000, Training: 3.7413e-03, Validation: 3.8601e-03, 
[2025-01-03 23:23:35,596][__main__][INFO] - Epoch: 1701/1800, learning_rate: 0.001000, Training: 3.7383e-03, Validation: 3.8455e-03, 
