[2025-01-04 18:42:34,168][__main__][INFO] - INFO LEVEL MESSAGE: 

[2025-01-04 18:42:34,171][__main__][INFO] - CONFIG: 
data:
  system: duffing
  type: nonautonomous
  split_ratio: 0.7
  noise_ratio: 25
model:
  fno_flag: true
  kernel_size: 128
  filters: 64
  kernel_size_1: 4
  modes: 200
  velocity_modes: 2000
  input_dim: 1
  lifting_dim: 64
  output_dim: 1
  output_dim_parallel: 1
training:
  batch_size: 5
  pretrain_epochs: 1800
  pretrain_lr: 0.001
  network_epochs: 500
  network_initial_lr: 0.001
  network_decay_steps: 100
  network_decay_rate: 0.98
  network_minimum_lr: 0.0005
  physics_epochs: 1000
  physics_initial_lr: 0.01
  physics_decay_steps: 100
  physics_decay_rate: 0.96
  physics_minimum_lr: 0.001
  alternate_number: 6
  lambda_velocity_int: 0.001
  lambda_l1: 1.0e-06
dirs:
  figures: ./figures/
  results: ./results/
  checkpoints: ./checkpoints/
  profiler: ./tboard/profiler/
  graphs: ./tboard/graphs/
  training: ./tboard/training/
  validation: ./tboard/validation/
  weights: ./tboard/weights/

[2025-01-04 18:42:34,410][__main__][INFO] - Pretrain the displacement network
[2025-01-04 18:42:34,820][__main__][INFO] - Epoch: 1/1800, learning_rate: 0.001000, Training: 7.7688e-02, Validation: 5.1873e-02, 
[2025-01-04 18:43:10,283][__main__][INFO] - Epoch: 101/1800, learning_rate: 0.001000, Training: 2.9353e-04, Validation: 2.9442e-04, 
[2025-01-04 18:43:45,683][__main__][INFO] - Epoch: 201/1800, learning_rate: 0.001000, Training: 2.8488e-04, Validation: 2.8570e-04, 
[2025-01-04 18:44:20,117][__main__][INFO] - Epoch: 301/1800, learning_rate: 0.001000, Training: 3.3244e-04, Validation: 4.4852e-04, 
[2025-01-04 18:44:54,930][__main__][INFO] - Epoch: 401/1800, learning_rate: 0.001000, Training: 2.7731e-04, Validation: 2.7984e-04, 
[2025-01-04 18:45:28,119][__main__][INFO] - Epoch: 501/1800, learning_rate: 0.001000, Training: 2.8514e-04, Validation: 2.8404e-04, 
[2025-01-04 18:46:01,949][__main__][INFO] - Epoch: 601/1800, learning_rate: 0.001000, Training: 2.7735e-04, Validation: 2.7983e-04, 
[2025-01-04 18:46:35,987][__main__][INFO] - Epoch: 701/1800, learning_rate: 0.001000, Training: 2.9075e-04, Validation: 2.8334e-04, 
[2025-01-04 18:47:08,488][__main__][INFO] - Epoch: 801/1800, learning_rate: 0.001000, Training: 2.7980e-04, Validation: 2.8597e-04, 
[2025-01-04 18:47:41,653][__main__][INFO] - Epoch: 901/1800, learning_rate: 0.001000, Training: 2.8673e-04, Validation: 2.8787e-04, 
[2025-01-04 18:48:15,379][__main__][INFO] - Epoch: 1001/1800, learning_rate: 0.001000, Training: 3.4732e-04, Validation: 3.4315e-04, 
[2025-01-04 18:48:48,578][__main__][INFO] - Epoch: 1101/1800, learning_rate: 0.001000, Training: 2.7980e-04, Validation: 2.7964e-04, 
[2025-01-04 18:49:22,386][__main__][INFO] - Epoch: 1201/1800, learning_rate: 0.001000, Training: 2.7921e-04, Validation: 2.8399e-04, 
[2025-01-04 18:49:56,355][__main__][INFO] - Epoch: 1301/1800, learning_rate: 0.001000, Training: 2.8365e-04, Validation: 2.8424e-04, 
[2025-01-04 18:50:28,889][__main__][INFO] - Epoch: 1401/1800, learning_rate: 0.001000, Training: 2.9064e-04, Validation: 2.8670e-04, 
[2025-01-04 18:51:03,321][__main__][INFO] - Epoch: 1501/1800, learning_rate: 0.001000, Training: 2.7916e-04, Validation: 2.8408e-04, 
[2025-01-04 18:51:38,295][__main__][INFO] - Epoch: 1601/1800, learning_rate: 0.001000, Training: 2.7758e-04, Validation: 2.8004e-04, 
[2025-01-04 18:52:12,926][__main__][INFO] - Epoch: 1701/1800, learning_rate: 0.001000, Training: 2.8585e-04, Validation: 3.0094e-04, 
[2025-01-04 18:52:47,722][__main__][INFO] - ------------------------------------------------------------------------------------------------------
[2025-01-04 18:52:47,722][__main__][INFO] - Iteration 1, Physics training
[2025-01-04 18:52:48,187][__main__][INFO] - Epoch: 1/1000, learning_rate: 0.009988, Training: 3.1349e-03, 
Validation: 2.9995e-03, velocity: 2.9788e+00, l1: 2.0727e+01
[2025-01-04 18:53:33,663][__main__][INFO] - Epoch: 101/1000, learning_rate: 0.008837, Training: 7.7939e-05, 
Validation: 7.7784e-05, velocity: 6.7838e-02, l1: 9.9462e+00
[2025-01-04 18:54:19,205][__main__][INFO] - Epoch: 201/1000, learning_rate: 0.007818, Training: 5.9008e-05, 
Validation: 5.8907e-05, velocity: 4.6869e-02, l1: 1.2038e+01
[2025-01-04 18:55:04,813][__main__][INFO] - Epoch: 301/1000, learning_rate: 0.006917, Training: 4.7090e-05, 
Validation: 4.7034e-05, velocity: 3.4085e-02, l1: 1.2949e+01
[2025-01-04 18:55:50,633][__main__][INFO] - Epoch: 401/1000, learning_rate: 0.006120, Training: 4.0078e-05, 
Validation: 4.0040e-05, velocity: 2.6318e-02, l1: 1.3721e+01
[2025-01-04 18:56:36,448][__main__][INFO] - Epoch: 501/1000, learning_rate: 0.005414, Training: 3.5539e-05, 
Validation: 3.5516e-05, velocity: 2.1398e-02, l1: 1.4117e+01
[2025-01-04 18:57:21,988][__main__][INFO] - Epoch: 601/1000, learning_rate: 0.004790, Training: 3.2533e-05, 
Validation: 3.2515e-05, velocity: 1.8124e-02, l1: 1.4391e+01
[2025-01-04 18:58:07,628][__main__][INFO] - Epoch: 701/1000, learning_rate: 0.004238, Training: 3.0320e-05, 
Validation: 3.0307e-05, velocity: 1.5595e-02, l1: 1.4713e+01
[2025-01-04 18:58:53,035][__main__][INFO] - Epoch: 801/1000, learning_rate: 0.003750, Training: 2.8974e-05, 
Validation: 2.8967e-05, velocity: 1.3639e-02, l1: 1.5328e+01
[2025-01-04 18:59:38,589][__main__][INFO] - Epoch: 901/1000, learning_rate: 0.003317, Training: 2.8130e-05, 
Validation: 2.8125e-05, velocity: 1.2217e-02, l1: 1.5908e+01
[2025-01-04 19:00:24,150][__main__][INFO] - Updated acceleration function: 0.5768*f-8.0746*x-2.6201*y-4.8626*tf.pow(x, 3)+0.1964*tf.pow(y, 5)
[2025-01-04 19:00:24,155][__main__][INFO] - ------------------------------------------------------------------------------------------------------
[2025-01-04 19:00:24,155][__main__][INFO] - Iteration 1, Network training
[2025-01-04 19:00:24,548][__main__][INFO] - Epoch: 1/500, learning_rate: 0.000999, Training: 1.5042e-02, 
Validation: 2.1992e-02, displacement: 8.0506e-03, velocity: 1.3941e+01, 
[2025-01-04 19:01:03,297][__main__][INFO] - Epoch: 101/500, learning_rate: 0.000941, Training: 2.8944e-04, 
Validation: 2.9271e-04, displacement: 2.8195e-04, velocity: 1.0755e-02, 
[2025-01-04 19:01:38,983][__main__][INFO] - Epoch: 201/500, learning_rate: 0.000885, Training: 2.9222e-04, 
Validation: 3.0615e-04, displacement: 2.8558e-04, velocity: 2.0572e-02, 
[2025-01-04 19:02:12,550][__main__][INFO] - Epoch: 301/500, learning_rate: 0.000833, Training: 2.8737e-04, 
Validation: 2.9073e-04, displacement: 2.8001e-04, velocity: 1.0720e-02, 
[2025-01-04 19:02:45,286][__main__][INFO] - Epoch: 401/500, learning_rate: 0.000784, Training: 3.9770e-04, 
Validation: 5.3751e-04, displacement: 3.5536e-04, velocity: 1.8215e-01, 
[2025-01-04 19:03:18,629][__main__][INFO] - ------------------------------------------------------------------------------------------------------
[2025-01-04 19:03:18,630][__main__][INFO] - Iteration 2, Physics training
[2025-01-04 19:03:19,013][__main__][INFO] - Epoch: 1/1000, learning_rate: 0.002935, Training: 2.7095e-05, 
Validation: 2.7091e-05, velocity: 1.0754e-02, l1: 1.6337e+01
[2025-01-04 19:03:56,927][__main__][INFO] - Epoch: 101/1000, learning_rate: 0.002597, Training: 2.6516e-05, 
Validation: 2.6515e-05, velocity: 9.8249e-03, l1: 1.6690e+01
[2025-01-04 19:04:34,961][__main__][INFO] - Epoch: 201/1000, learning_rate: 0.002297, Training: 2.6274e-05, 
Validation: 2.6273e-05, velocity: 9.1299e-03, l1: 1.7143e+01
[2025-01-04 19:05:14,213][__main__][INFO] - Epoch: 301/1000, learning_rate: 0.002033, Training: 2.6089e-05, 
Validation: 2.6089e-05, velocity: 8.5613e-03, l1: 1.7527e+01
[2025-01-04 19:05:53,005][__main__][INFO] - Epoch: 401/1000, learning_rate: 0.001798, Training: 2.5947e-05, 
Validation: 2.5946e-05, velocity: 8.0901e-03, l1: 1.7856e+01
[2025-01-04 19:06:30,946][__main__][INFO] - Epoch: 501/1000, learning_rate: 0.001591, Training: 2.5838e-05, 
Validation: 2.5836e-05, velocity: 7.6959e-03, l1: 1.8140e+01
[2025-01-04 19:07:09,800][__main__][INFO] - Epoch: 601/1000, learning_rate: 0.001408, Training: 2.5752e-05, 
Validation: 2.5752e-05, velocity: 7.3636e-03, l1: 1.8388e+01
[2025-01-04 19:07:48,243][__main__][INFO] - Epoch: 701/1000, learning_rate: 0.001245, Training: 2.5686e-05, 
Validation: 2.5686e-05, velocity: 7.0819e-03, l1: 1.8604e+01
[2025-01-04 19:08:26,750][__main__][INFO] - Epoch: 801/1000, learning_rate: 0.001102, Training: 2.5635e-05, 
Validation: 2.5635e-05, velocity: 6.8420e-03, l1: 1.8793e+01
[2025-01-04 19:09:05,122][__main__][INFO] - Epoch: 901/1000, learning_rate: 0.001000, Training: 2.5596e-05, 
Validation: 2.5596e-05, velocity: 6.6363e-03, l1: 1.8959e+01
[2025-01-04 19:09:44,192][__main__][INFO] - Updated acceleration function: 0.6923*f-8.6619*x-4.3261*y-5.4342*tf.pow(x, 3)
[2025-01-04 19:09:44,198][__main__][INFO] - ------------------------------------------------------------------------------------------------------
[2025-01-04 19:09:44,198][__main__][INFO] - Iteration 2, Network training
[2025-01-04 19:09:44,545][__main__][INFO] - Epoch: 1/500, learning_rate: 0.000738, Training: 2.8899e-04, 
Validation: 2.9440e-04, displacement: 2.8234e-04, velocity: 1.2060e-02, 
[2025-01-04 19:10:18,004][__main__][INFO] - Epoch: 101/500, learning_rate: 0.000695, Training: 3.5496e-04, 
Validation: 3.5661e-04, displacement: 3.4814e-04, velocity: 8.4762e-03, 
[2025-01-04 19:10:51,539][__main__][INFO] - Epoch: 201/500, learning_rate: 0.000654, Training: 2.9769e-04, 
Validation: 3.0070e-04, displacement: 2.9378e-04, velocity: 6.9244e-03, 
[2025-01-04 19:11:25,183][__main__][INFO] - Epoch: 301/500, learning_rate: 0.000615, Training: 2.8991e-04, 
Validation: 2.9293e-04, displacement: 2.8621e-04, velocity: 6.7266e-03, 
[2025-01-04 19:11:59,991][__main__][INFO] - Epoch: 401/500, learning_rate: 0.000579, Training: 2.8818e-04, 
Validation: 2.9396e-04, displacement: 2.8447e-04, velocity: 9.4902e-03, 
[2025-01-04 19:12:35,615][__main__][INFO] - ------------------------------------------------------------------------------------------------------
[2025-01-04 19:12:35,616][__main__][INFO] - Iteration 3, Physics training
[2025-01-04 19:12:35,954][__main__][INFO] - Epoch: 1/1000, learning_rate: 0.001000, Training: 2.5598e-05, 
Validation: 2.5598e-05, velocity: 6.4813e-03, l1: 1.9117e+01
[2025-01-04 19:13:09,314][__main__][INFO] - Epoch: 101/1000, learning_rate: 0.001000, Training: 2.5564e-05, 
Validation: 2.5564e-05, velocity: 6.2837e-03, l1: 1.9280e+01
[2025-01-04 19:13:46,277][__main__][INFO] - Epoch: 201/1000, learning_rate: 0.001000, Training: 2.5542e-05, 
Validation: 2.5542e-05, velocity: 6.1118e-03, l1: 1.9430e+01
[2025-01-04 19:14:23,971][__main__][INFO] - Epoch: 301/1000, learning_rate: 0.001000, Training: 2.5524e-05, 
Validation: 2.5524e-05, velocity: 5.9587e-03, l1: 1.9566e+01
[2025-01-04 19:15:01,059][__main__][INFO] - Epoch: 401/1000, learning_rate: 0.001000, Training: 2.5512e-05, 
Validation: 2.5512e-05, velocity: 5.8233e-03, l1: 1.9688e+01
[2025-01-04 19:15:36,556][__main__][INFO] - Epoch: 501/1000, learning_rate: 0.001000, Training: 2.5503e-05, 
Validation: 2.5502e-05, velocity: 5.7050e-03, l1: 1.9797e+01
[2025-01-04 19:16:11,947][__main__][INFO] - Epoch: 601/1000, learning_rate: 0.001000, Training: 2.5497e-05, 
Validation: 2.5496e-05, velocity: 5.6034e-03, l1: 1.9893e+01
[2025-01-04 19:16:46,730][__main__][INFO] - Epoch: 701/1000, learning_rate: 0.001000, Training: 2.5492e-05, 
Validation: 2.5492e-05, velocity: 5.5180e-03, l1: 1.9974e+01
[2025-01-04 19:17:20,533][__main__][INFO] - Epoch: 801/1000, learning_rate: 0.001000, Training: 2.5490e-05, 
Validation: 2.5490e-05, velocity: 5.4482e-03, l1: 2.0042e+01
[2025-01-04 19:17:52,996][__main__][INFO] - Epoch: 901/1000, learning_rate: 0.001000, Training: 2.5489e-05, 
Validation: 2.5489e-05, velocity: 5.3925e-03, l1: 2.0096e+01
[2025-01-04 19:18:25,420][__main__][INFO] - Updated acceleration function: 0.7374*f-8.7954*x-4.9585*y-5.6461*tf.pow(x, 3)
[2025-01-04 19:18:25,424][__main__][INFO] - ------------------------------------------------------------------------------------------------------
[2025-01-04 19:18:25,424][__main__][INFO] - Iteration 3, Network training
[2025-01-04 19:18:25,757][__main__][INFO] - Epoch: 1/500, learning_rate: 0.000545, Training: 2.8549e-04, 
Validation: 3.0121e-04, displacement: 2.8471e-04, velocity: 1.6504e-02, 
[2025-01-04 19:19:01,663][__main__][INFO] - Epoch: 101/500, learning_rate: 0.000513, Training: 2.8249e-04, 
Validation: 2.8622e-04, displacement: 2.8091e-04, velocity: 5.3080e-03, 
[2025-01-04 19:19:36,461][__main__][INFO] - Epoch: 201/500, learning_rate: 0.000500, Training: 3.3587e-04, 
Validation: 3.1846e-04, displacement: 2.8961e-04, velocity: 2.8845e-02, 
[2025-01-04 19:20:08,835][__main__][INFO] - Epoch: 301/500, learning_rate: 0.000500, Training: 2.8214e-04, 
Validation: 2.8621e-04, displacement: 2.8053e-04, velocity: 5.6768e-03, 
[2025-01-04 19:20:41,920][__main__][INFO] - Epoch: 401/500, learning_rate: 0.000500, Training: 2.8142e-04, 
Validation: 2.8515e-04, displacement: 2.7988e-04, velocity: 5.2708e-03, 
[2025-01-04 19:21:16,326][__main__][INFO] - ------------------------------------------------------------------------------------------------------
[2025-01-04 19:21:16,326][__main__][INFO] - Iteration 4, Physics training
[2025-01-04 19:21:16,701][__main__][INFO] - Epoch: 1/1000, learning_rate: 0.001000, Training: 2.5413e-05, 
Validation: 2.5412e-05, velocity: 5.2736e-03, l1: 2.0139e+01
[2025-01-04 19:21:50,315][__main__][INFO] - Epoch: 101/1000, learning_rate: 0.001000, Training: 2.5406e-05, 
Validation: 2.5406e-05, velocity: 5.2146e-03, l1: 2.0191e+01
[2025-01-04 19:22:23,115][__main__][INFO] - Epoch: 201/1000, learning_rate: 0.001000, Training: 2.5405e-05, 
Validation: 2.5405e-05, velocity: 5.1912e-03, l1: 2.0214e+01
[2025-01-04 19:22:55,543][__main__][INFO] - Epoch: 301/1000, learning_rate: 0.001000, Training: 2.5405e-05, 
Validation: 2.5405e-05, velocity: 5.1770e-03, l1: 2.0228e+01
[2025-01-04 19:23:28,524][__main__][INFO] - Epoch: 401/1000, learning_rate: 0.001000, Training: 2.5405e-05, 
Validation: 2.5405e-05, velocity: 5.1678e-03, l1: 2.0238e+01
[2025-01-04 19:24:00,491][__main__][INFO] - Epoch: 501/1000, learning_rate: 0.001000, Training: 2.5405e-05, 
Validation: 2.5405e-05, velocity: 5.1618e-03, l1: 2.0243e+01
[2025-01-04 19:24:33,413][__main__][INFO] - Epoch: 601/1000, learning_rate: 0.001000, Training: 2.5405e-05, 
Validation: 2.5405e-05, velocity: 5.1581e-03, l1: 2.0247e+01
[2025-01-04 19:25:05,871][__main__][INFO] - Epoch: 701/1000, learning_rate: 0.001000, Training: 2.5406e-05, 
Validation: 2.5405e-05, velocity: 5.1557e-03, l1: 2.0249e+01
[2025-01-04 19:25:38,113][__main__][INFO] - Epoch: 801/1000, learning_rate: 0.001000, Training: 2.5405e-05, 
Validation: 2.5405e-05, velocity: 5.1542e-03, l1: 2.0251e+01
[2025-01-04 19:26:10,550][__main__][INFO] - Epoch: 901/1000, learning_rate: 0.001000, Training: 2.5405e-05, 
Validation: 2.5405e-05, velocity: 5.1533e-03, l1: 2.0252e+01
[2025-01-04 19:26:43,302][__main__][INFO] - Updated acceleration function: 0.7481*f-8.8223*x-5.0040*y-5.6770*tf.pow(x, 3)
[2025-01-04 19:26:43,309][__main__][INFO] - ------------------------------------------------------------------------------------------------------
[2025-01-04 19:26:43,309][__main__][INFO] - Iteration 4, Network training
[2025-01-04 19:26:43,693][__main__][INFO] - Epoch: 1/500, learning_rate: 0.000500, Training: 2.8346e-04, 
Validation: 2.9536e-04, displacement: 2.8273e-04, velocity: 1.2635e-02, 
[2025-01-04 19:27:16,594][__main__][INFO] - Epoch: 101/500, learning_rate: 0.000500, Training: 2.8123e-04, 
Validation: 2.8481e-04, displacement: 2.7966e-04, velocity: 5.1492e-03, 
[2025-01-04 19:27:50,811][__main__][INFO] - Epoch: 201/500, learning_rate: 0.000500, Training: 2.8118e-04, 
Validation: 2.8483e-04, displacement: 2.7966e-04, velocity: 5.1612e-03, 
[2025-01-04 19:28:24,842][__main__][INFO] - Epoch: 301/500, learning_rate: 0.000500, Training: 2.8112e-04, 
Validation: 2.8481e-04, displacement: 2.7961e-04, velocity: 5.1989e-03, 
[2025-01-04 19:28:58,630][__main__][INFO] - Epoch: 401/500, learning_rate: 0.000500, Training: 2.8108e-04, 
Validation: 2.8463e-04, displacement: 2.7950e-04, velocity: 5.1302e-03, 
[2025-01-04 19:29:32,430][__main__][INFO] - ------------------------------------------------------------------------------------------------------
[2025-01-04 19:29:32,430][__main__][INFO] - Iteration 5, Physics training
[2025-01-04 19:29:32,823][__main__][INFO] - Epoch: 1/1000, learning_rate: 0.001000, Training: 2.5391e-05, 
Validation: 2.5391e-05, velocity: 5.1373e-03, l1: 2.0253e+01
[2025-01-04 19:30:05,982][__main__][INFO] - Epoch: 101/1000, learning_rate: 0.001000, Training: 2.5390e-05, 
Validation: 2.5390e-05, velocity: 5.1330e-03, l1: 2.0257e+01
[2025-01-04 19:30:38,167][__main__][INFO] - Epoch: 201/1000, learning_rate: 0.001000, Training: 2.5390e-05, 
Validation: 2.5390e-05, velocity: 5.1369e-03, l1: 2.0253e+01
[2025-01-04 19:31:10,108][__main__][INFO] - Epoch: 301/1000, learning_rate: 0.001000, Training: 2.5390e-05, 
Validation: 2.5390e-05, velocity: 5.1401e-03, l1: 2.0250e+01
[2025-01-04 19:31:42,776][__main__][INFO] - Epoch: 401/1000, learning_rate: 0.001000, Training: 2.5390e-05, 
Validation: 2.5390e-05, velocity: 5.1424e-03, l1: 2.0248e+01
[2025-01-04 19:32:15,321][__main__][INFO] - Epoch: 501/1000, learning_rate: 0.001000, Training: 2.5390e-05, 
Validation: 2.5390e-05, velocity: 5.1440e-03, l1: 2.0246e+01
[2025-01-04 19:32:48,516][__main__][INFO] - Epoch: 601/1000, learning_rate: 0.001000, Training: 2.5390e-05, 
Validation: 2.5390e-05, velocity: 5.1451e-03, l1: 2.0245e+01
[2025-01-04 19:33:21,294][__main__][INFO] - Epoch: 701/1000, learning_rate: 0.001000, Training: 2.5390e-05, 
Validation: 2.5390e-05, velocity: 5.1458e-03, l1: 2.0244e+01
[2025-01-04 19:33:54,057][__main__][INFO] - Epoch: 801/1000, learning_rate: 0.001000, Training: 2.5390e-05, 
Validation: 2.5390e-05, velocity: 5.1463e-03, l1: 2.0244e+01
[2025-01-04 19:34:27,121][__main__][INFO] - Epoch: 901/1000, learning_rate: 0.001000, Training: 2.5390e-05, 
Validation: 2.5390e-05, velocity: 5.1466e-03, l1: 2.0243e+01
[2025-01-04 19:34:59,928][__main__][INFO] - Updated acceleration function: 0.7502*f-8.8351*x-5.0033*y-5.6534*tf.pow(x, 3)
[2025-01-04 19:34:59,933][__main__][INFO] - ------------------------------------------------------------------------------------------------------
[2025-01-04 19:34:59,933][__main__][INFO] - Iteration 5, Network training
[2025-01-04 19:35:00,291][__main__][INFO] - Epoch: 1/500, learning_rate: 0.000500, Training: 2.8656e-04, 
Validation: 3.3855e-04, displacement: 2.9339e-04, velocity: 4.5164e-02, 
[2025-01-04 19:35:33,679][__main__][INFO] - Epoch: 101/500, learning_rate: 0.000500, Training: 2.8134e-04, 
Validation: 2.8480e-04, displacement: 2.7966e-04, velocity: 5.1405e-03, 
[2025-01-04 19:36:06,326][__main__][INFO] - Epoch: 201/500, learning_rate: 0.000500, Training: 2.8097e-04, 
Validation: 2.8462e-04, displacement: 2.7949e-04, velocity: 5.1351e-03, 
[2025-01-04 19:36:39,531][__main__][INFO] - Epoch: 301/500, learning_rate: 0.000500, Training: 2.9249e-04, 
Validation: 3.0379e-04, displacement: 2.8344e-04, velocity: 2.0348e-02, 
[2025-01-04 19:37:12,061][__main__][INFO] - Epoch: 401/500, learning_rate: 0.000500, Training: 3.1098e-04, 
Validation: 3.4900e-04, displacement: 2.9632e-04, velocity: 5.2685e-02, 
[2025-01-04 19:37:45,053][__main__][INFO] - ------------------------------------------------------------------------------------------------------
[2025-01-04 19:37:45,054][__main__][INFO] - Iteration 6, Physics training
[2025-01-04 19:37:45,425][__main__][INFO] - Epoch: 1/1000, learning_rate: 0.001000, Training: 2.5381e-05, 
Validation: 2.5381e-05, velocity: 5.1388e-03, l1: 2.0243e+01
[2025-01-04 19:38:17,798][__main__][INFO] - Epoch: 101/1000, learning_rate: 0.001000, Training: 2.5382e-05, 
Validation: 2.5382e-05, velocity: 5.1421e-03, l1: 2.0240e+01
[2025-01-04 19:38:50,263][__main__][INFO] - Epoch: 201/1000, learning_rate: 0.001000, Training: 2.5381e-05, 
Validation: 2.5381e-05, velocity: 5.1446e-03, l1: 2.0237e+01
[2025-01-04 19:39:22,797][__main__][INFO] - Epoch: 301/1000, learning_rate: 0.001000, Training: 2.5382e-05, 
Validation: 2.5382e-05, velocity: 5.1466e-03, l1: 2.0235e+01
[2025-01-04 19:39:55,149][__main__][INFO] - Epoch: 401/1000, learning_rate: 0.001000, Training: 2.5381e-05, 
Validation: 2.5381e-05, velocity: 5.1480e-03, l1: 2.0233e+01
[2025-01-04 19:40:27,359][__main__][INFO] - Epoch: 501/1000, learning_rate: 0.001000, Training: 2.5382e-05, 
Validation: 2.5382e-05, velocity: 5.1489e-03, l1: 2.0233e+01
[2025-01-04 19:40:59,962][__main__][INFO] - Epoch: 601/1000, learning_rate: 0.001000, Training: 2.5381e-05, 
Validation: 2.5381e-05, velocity: 5.1496e-03, l1: 2.0232e+01
[2025-01-04 19:41:34,000][__main__][INFO] - Epoch: 701/1000, learning_rate: 0.001000, Training: 2.5381e-05, 
Validation: 2.5381e-05, velocity: 5.1500e-03, l1: 2.0231e+01
[2025-01-04 19:42:07,080][__main__][INFO] - Epoch: 801/1000, learning_rate: 0.001000, Training: 2.5381e-05, 
Validation: 2.5381e-05, velocity: 5.1502e-03, l1: 2.0231e+01
[2025-01-04 19:42:39,586][__main__][INFO] - Epoch: 901/1000, learning_rate: 0.001000, Training: 2.5382e-05, 
Validation: 2.5381e-05, velocity: 5.1504e-03, l1: 2.0231e+01
[2025-01-04 19:43:12,734][__main__][INFO] - Updated acceleration function: 0.7493*f-8.8375*x-5.0059*y-5.6370*tf.pow(x, 3)
[2025-01-04 19:43:12,739][__main__][INFO] - ------------------------------------------------------------------------------------------------------
[2025-01-04 19:43:12,739][__main__][INFO] - Iteration 6, Network training
[2025-01-04 19:43:13,090][__main__][INFO] - Epoch: 1/500, learning_rate: 0.000500, Training: 2.8129e-04, 
Validation: 2.8467e-04, displacement: 2.7952e-04, velocity: 5.1499e-03, 
[2025-01-04 19:43:46,050][__main__][INFO] - Epoch: 101/500, learning_rate: 0.000500, Training: 2.8132e-04, 
Validation: 2.8499e-04, displacement: 2.7981e-04, velocity: 5.1814e-03, 
[2025-01-04 19:44:19,107][__main__][INFO] - Epoch: 201/500, learning_rate: 0.000500, Training: 2.8096e-04, 
Validation: 2.8466e-04, displacement: 2.7951e-04, velocity: 5.1478e-03, 
[2025-01-04 19:44:52,205][__main__][INFO] - Epoch: 301/500, learning_rate: 0.000500, Training: 2.8123e-04, 
Validation: 2.8500e-04, displacement: 2.7966e-04, velocity: 5.3361e-03, 
[2025-01-04 19:45:25,805][__main__][INFO] - Epoch: 401/500, learning_rate: 0.000500, Training: 3.0086e-04, 
Validation: 2.9518e-04, displacement: 2.8309e-04, velocity: 1.2087e-02, 
