[2025-01-04 13:38:05,615][__main__][INFO] - INFO LEVEL MESSAGE: 

[2025-01-04 13:38:05,618][__main__][INFO] - CONFIG: 
data:
  system: duffing
  type: nonautonomous
  split_ratio: 0.7
  noise_ratio: 0.11
model:
  fno_flag: true
  kernel_size: 128
  filters: 64
  kernel_size_1: 4
  modes: 200
  velocity_modes: 2000
  input_dim: 1
  lifting_dim: 64
  output_dim: 1
  output_dim_parallel: 1
training:
  batch_size: 5
  pretrain_epochs: 1800
  pretrain_lr: 0.001
  network_epochs: 500
  network_initial_lr: 0.001
  network_decay_steps: 100
  network_decay_rate: 0.98
  network_minimum_lr: 0.0005
  physics_epochs: 1000
  physics_initial_lr: 0.01
  physics_decay_steps: 100
  physics_decay_rate: 0.96
  physics_minimum_lr: 0.001
  alternate_number: 6
  lambda_velocity_int: 0.003
  lambda_l1: 5.0e-07
dirs:
  figures: ./figures/
  results: ./results/
  checkpoints: ./checkpoints/
  profiler: ./tboard/profiler/
  graphs: ./tboard/graphs/
  training: ./tboard/training/
  validation: ./tboard/validation/
  weights: ./tboard/weights/

[2025-01-04 13:38:09,452][__main__][INFO] - Pretrain the displacement network
[2025-01-04 13:38:14,757][__main__][INFO] - Epoch: 1/1800, learning_rate: 0.001000, Training: 7.7387e-02, Validation: 5.0795e-02, 
[2025-01-04 13:38:50,636][__main__][INFO] - Epoch: 101/1800, learning_rate: 0.001000, Training: 2.9527e-04, Validation: 3.0522e-04, 
[2025-01-04 13:39:23,251][__main__][INFO] - Epoch: 201/1800, learning_rate: 0.001000, Training: 2.8415e-04, Validation: 3.0450e-04, 
[2025-01-04 13:39:55,847][__main__][INFO] - Epoch: 301/1800, learning_rate: 0.001000, Training: 2.8473e-04, Validation: 2.9118e-04, 
[2025-01-04 13:40:28,971][__main__][INFO] - Epoch: 401/1800, learning_rate: 0.001000, Training: 3.0316e-04, Validation: 3.1328e-04, 
[2025-01-04 13:41:01,504][__main__][INFO] - Epoch: 501/1800, learning_rate: 0.001000, Training: 2.6814e-04, Validation: 2.7586e-04, 
[2025-01-04 13:41:34,228][__main__][INFO] - Epoch: 601/1800, learning_rate: 0.001000, Training: 2.7915e-04, Validation: 2.7786e-04, 
[2025-01-04 13:42:06,719][__main__][INFO] - Epoch: 701/1800, learning_rate: 0.001000, Training: 2.8130e-04, Validation: 2.9723e-04, 
[2025-01-04 13:42:39,051][__main__][INFO] - Epoch: 801/1800, learning_rate: 0.001000, Training: 2.8099e-04, Validation: 2.8078e-04, 
[2025-01-04 13:43:11,419][__main__][INFO] - Epoch: 901/1800, learning_rate: 0.001000, Training: 2.6959e-04, Validation: 2.7408e-04, 
[2025-01-04 13:43:43,848][__main__][INFO] - Epoch: 1001/1800, learning_rate: 0.001000, Training: 3.3818e-04, Validation: 4.1883e-04, 
[2025-01-04 13:44:15,885][__main__][INFO] - Epoch: 1101/1800, learning_rate: 0.001000, Training: 2.6698e-04, Validation: 2.7929e-04, 
[2025-01-04 13:44:47,568][__main__][INFO] - Epoch: 1201/1800, learning_rate: 0.001000, Training: 2.8366e-04, Validation: 2.8023e-04, 
[2025-01-04 13:45:19,336][__main__][INFO] - Epoch: 1301/1800, learning_rate: 0.001000, Training: 2.6640e-04, Validation: 2.7658e-04, 
[2025-01-04 13:45:51,097][__main__][INFO] - Epoch: 1401/1800, learning_rate: 0.001000, Training: 2.7059e-04, Validation: 2.7755e-04, 
[2025-01-04 13:46:23,516][__main__][INFO] - Epoch: 1501/1800, learning_rate: 0.001000, Training: 2.6654e-04, Validation: 2.7806e-04, 
[2025-01-04 13:46:56,587][__main__][INFO] - Epoch: 1601/1800, learning_rate: 0.001000, Training: 2.6604e-04, Validation: 2.7448e-04, 
[2025-01-04 13:47:29,227][__main__][INFO] - Epoch: 1701/1800, learning_rate: 0.001000, Training: 2.6768e-04, Validation: 2.7782e-04, 
[2025-01-04 13:48:03,053][__main__][INFO] - ------------------------------------------------------------------------------------------------------
[2025-01-04 13:48:03,053][__main__][INFO] - Iteration 1, Physics training
[2025-01-04 13:48:03,509][__main__][INFO] - Epoch: 1/1000, learning_rate: 0.009988, Training: 6.8071e-03, 
Validation: 6.5721e-03, velocity: 2.1873e+00, l1: 2.0457e+01
[2025-01-04 13:48:47,289][__main__][INFO] - Epoch: 101/1000, learning_rate: 0.008837, Training: 1.8392e-04, 
Validation: 1.8363e-04, velocity: 6.0812e-02, l1: 2.3933e+00
[2025-01-04 13:49:30,608][__main__][INFO] - Epoch: 201/1000, learning_rate: 0.007818, Training: 1.4334e-04, 
Validation: 1.4309e-04, velocity: 4.6950e-02, l1: 4.4775e+00
[2025-01-04 13:50:14,155][__main__][INFO] - Epoch: 301/1000, learning_rate: 0.006917, Training: 1.0939e-04, 
Validation: 1.0919e-04, velocity: 3.5310e-02, l1: 6.5173e+00
[2025-01-04 13:50:57,688][__main__][INFO] - Epoch: 401/1000, learning_rate: 0.006120, Training: 8.3371e-05, 
Validation: 8.3223e-05, velocity: 2.6320e-02, l1: 8.5270e+00
[2025-01-04 13:51:40,887][__main__][INFO] - Epoch: 501/1000, learning_rate: 0.005414, Training: 6.4283e-05, 
Validation: 6.4175e-05, velocity: 1.9661e-02, l1: 1.0385e+01
[2025-01-04 13:52:25,243][__main__][INFO] - Epoch: 601/1000, learning_rate: 0.004790, Training: 5.0559e-05, 
Validation: 5.0483e-05, velocity: 1.4809e-02, l1: 1.2115e+01
[2025-01-04 13:53:10,565][__main__][INFO] - Epoch: 701/1000, learning_rate: 0.004238, Training: 4.0726e-05, 
Validation: 4.0671e-05, velocity: 1.1287e-02, l1: 1.3621e+01
[2025-01-04 13:53:54,679][__main__][INFO] - Epoch: 801/1000, learning_rate: 0.003750, Training: 3.3647e-05, 
Validation: 3.3607e-05, velocity: 8.7176e-03, l1: 1.4908e+01
[2025-01-04 13:54:37,961][__main__][INFO] - Epoch: 901/1000, learning_rate: 0.003317, Training: 2.8509e-05, 
Validation: 2.8480e-05, velocity: 6.8271e-03, l1: 1.5998e+01
[2025-01-04 13:55:20,616][__main__][INFO] - Updated acceleration function: 0.6406*f-6.2730*x-3.4827*y-0.1158*tf.pow(x, 2)-3.2947*tf.pow(x, 3)-0.9003*tf.multiply(x, tf.pow(y, 2))-0.1484*tf.pow(x, 4)+0.1299*tf.pow(y, 4)-1.8474*tf.pow(x, 5)
[2025-01-04 13:55:20,621][__main__][INFO] - ------------------------------------------------------------------------------------------------------
[2025-01-04 13:55:20,622][__main__][INFO] - Iteration 1, Network training
[2025-01-04 13:55:21,002][__main__][INFO] - Epoch: 1/500, learning_rate: 0.000999, Training: 6.3650e-02, 
Validation: 2.6600e-02, displacement: 1.1512e-02, velocity: 5.0294e+00, 
[2025-01-04 13:55:59,285][__main__][INFO] - Epoch: 101/500, learning_rate: 0.000941, Training: 3.0964e-04, 
Validation: 3.1915e-04, displacement: 3.0199e-04, velocity: 5.7201e-03, 
[2025-01-04 13:56:35,948][__main__][INFO] - Epoch: 201/500, learning_rate: 0.000885, Training: 2.8654e-04, 
Validation: 2.9694e-04, displacement: 2.8090e-04, velocity: 5.3490e-03, 
[2025-01-04 13:57:11,931][__main__][INFO] - Epoch: 301/500, learning_rate: 0.000833, Training: 2.8273e-04, 
Validation: 2.9353e-04, displacement: 2.7698e-04, velocity: 5.5146e-03, 
[2025-01-04 13:57:47,480][__main__][INFO] - Epoch: 401/500, learning_rate: 0.000784, Training: 2.8224e-04, 
Validation: 2.9458e-04, displacement: 2.7802e-04, velocity: 5.5184e-03, 
[2025-01-04 13:58:21,392][__main__][INFO] - ------------------------------------------------------------------------------------------------------
[2025-01-04 13:58:21,392][__main__][INFO] - Iteration 2, Physics training
[2025-01-04 13:58:21,773][__main__][INFO] - Epoch: 1/1000, learning_rate: 0.002935, Training: 2.4119e-05, 
Validation: 2.4096e-05, velocity: 5.2251e-03, l1: 1.6842e+01
[2025-01-04 13:58:59,393][__main__][INFO] - Epoch: 101/1000, learning_rate: 0.002597, Training: 2.1454e-05, 
Validation: 2.1439e-05, velocity: 4.2253e-03, l1: 1.7527e+01
[2025-01-04 13:59:36,711][__main__][INFO] - Epoch: 201/1000, learning_rate: 0.002297, Training: 1.9502e-05, 
Validation: 1.9491e-05, velocity: 3.4788e-03, l1: 1.8110e+01
[2025-01-04 14:00:15,103][__main__][INFO] - Epoch: 301/1000, learning_rate: 0.002033, Training: 1.8006e-05, 
Validation: 1.7998e-05, velocity: 2.9012e-03, l1: 1.8588e+01
[2025-01-04 14:00:53,999][__main__][INFO] - Epoch: 401/1000, learning_rate: 0.001798, Training: 1.6847e-05, 
Validation: 1.6840e-05, velocity: 2.4505e-03, l1: 1.8977e+01
[2025-01-04 14:01:32,667][__main__][INFO] - Epoch: 501/1000, learning_rate: 0.001591, Training: 1.5938e-05, 
Validation: 1.5933e-05, velocity: 2.0962e-03, l1: 1.9289e+01
[2025-01-04 14:02:11,299][__main__][INFO] - Epoch: 601/1000, learning_rate: 0.001408, Training: 1.5218e-05, 
Validation: 1.5214e-05, velocity: 1.8157e-03, l1: 1.9534e+01
[2025-01-04 14:02:49,935][__main__][INFO] - Epoch: 701/1000, learning_rate: 0.001245, Training: 1.4642e-05, 
Validation: 1.4638e-05, velocity: 1.5922e-03, l1: 1.9724e+01
[2025-01-04 14:03:28,610][__main__][INFO] - Epoch: 801/1000, learning_rate: 0.001102, Training: 1.4184e-05, 
Validation: 1.4182e-05, velocity: 1.4132e-03, l1: 1.9884e+01
[2025-01-04 14:04:07,759][__main__][INFO] - Epoch: 901/1000, learning_rate: 0.001000, Training: 1.3823e-05, 
Validation: 1.3821e-05, velocity: 1.2691e-03, l1: 2.0027e+01
[2025-01-04 14:04:47,341][__main__][INFO] - Updated acceleration function: 0.8574*f-7.4072*x-5.9170*y-3.9645*tf.pow(x, 3)-0.1940*tf.multiply(x, tf.pow(y, 2))-1.6659*tf.pow(x, 5)
[2025-01-04 14:04:47,345][__main__][INFO] - ------------------------------------------------------------------------------------------------------
[2025-01-04 14:04:47,345][__main__][INFO] - Iteration 2, Network training
[2025-01-04 14:04:47,680][__main__][INFO] - Epoch: 1/500, learning_rate: 0.000738, Training: 9.2416e-04, 
Validation: 1.6921e-02, displacement: 2.5844e-03, velocity: 4.7790e+00, 
[2025-01-04 14:05:25,517][__main__][INFO] - Epoch: 101/500, learning_rate: 0.000695, Training: 3.1822e-04, 
Validation: 3.2359e-04, displacement: 3.1752e-04, velocity: 2.0240e-03, 
[2025-01-04 14:06:00,203][__main__][INFO] - Epoch: 201/500, learning_rate: 0.000654, Training: 2.8283e-04, 
Validation: 2.9117e-04, displacement: 2.8692e-04, velocity: 1.4161e-03, 
[2025-01-04 14:06:34,359][__main__][INFO] - Epoch: 301/500, learning_rate: 0.000615, Training: 3.6064e-04, 
Validation: 2.8946e-04, displacement: 2.8552e-04, velocity: 1.3131e-03, 
[2025-01-04 14:07:08,096][__main__][INFO] - Epoch: 401/500, learning_rate: 0.000579, Training: 2.7297e-04, 
Validation: 2.8340e-04, displacement: 2.7772e-04, velocity: 1.8922e-03, 
[2025-01-04 14:07:41,229][__main__][INFO] - ------------------------------------------------------------------------------------------------------
[2025-01-04 14:07:41,230][__main__][INFO] - Iteration 3, Physics training
[2025-01-04 14:07:41,591][__main__][INFO] - Epoch: 1/1000, learning_rate: 0.001000, Training: 1.3521e-05, 
Validation: 1.3519e-05, velocity: 1.1716e-03, l1: 2.0008e+01
[2025-01-04 14:08:18,908][__main__][INFO] - Epoch: 101/1000, learning_rate: 0.001000, Training: 1.3225e-05, 
Validation: 1.3224e-05, velocity: 1.0490e-03, l1: 2.0153e+01
[2025-01-04 14:08:56,449][__main__][INFO] - Epoch: 201/1000, learning_rate: 0.001000, Training: 1.2973e-05, 
Validation: 1.2972e-05, velocity: 9.4443e-04, l1: 2.0277e+01
[2025-01-04 14:09:33,289][__main__][INFO] - Epoch: 301/1000, learning_rate: 0.001000, Training: 1.2785e-05, 
Validation: 1.2784e-05, velocity: 8.5016e-04, l1: 2.0466e+01
[2025-01-04 14:10:09,348][__main__][INFO] - Epoch: 401/1000, learning_rate: 0.001000, Training: 1.2630e-05, 
Validation: 1.2629e-05, velocity: 7.7270e-04, l1: 2.0622e+01
[2025-01-04 14:10:45,193][__main__][INFO] - Epoch: 501/1000, learning_rate: 0.001000, Training: 1.2504e-05, 
Validation: 1.2503e-05, velocity: 7.0927e-04, l1: 2.0750e+01
[2025-01-04 14:11:21,386][__main__][INFO] - Epoch: 601/1000, learning_rate: 0.001000, Training: 1.2401e-05, 
Validation: 1.2401e-05, velocity: 6.5765e-04, l1: 2.0856e+01
[2025-01-04 14:11:57,109][__main__][INFO] - Epoch: 701/1000, learning_rate: 0.001000, Training: 1.2319e-05, 
Validation: 1.2318e-05, velocity: 6.1588e-04, l1: 2.0942e+01
[2025-01-04 14:12:32,876][__main__][INFO] - Epoch: 801/1000, learning_rate: 0.001000, Training: 1.2251e-05, 
Validation: 1.2251e-05, velocity: 5.8240e-04, l1: 2.1008e+01
[2025-01-04 14:13:08,760][__main__][INFO] - Epoch: 901/1000, learning_rate: 0.001000, Training: 1.2195e-05, 
Validation: 1.2195e-05, velocity: 5.5561e-04, l1: 2.1056e+01
[2025-01-04 14:13:44,815][__main__][INFO] - Updated acceleration function: 0.9438*f-7.6390*x-7.1327*y-4.5671*tf.pow(x, 3)-0.8024*tf.pow(x, 5)
[2025-01-04 14:13:44,820][__main__][INFO] - ------------------------------------------------------------------------------------------------------
[2025-01-04 14:13:44,821][__main__][INFO] - Iteration 3, Network training
[2025-01-04 14:13:45,205][__main__][INFO] - Epoch: 1/500, learning_rate: 0.000545, Training: 2.6779e-04, 
Validation: 2.7824e-04, displacement: 2.7609e-04, velocity: 7.1770e-04, 
[2025-01-04 14:14:19,576][__main__][INFO] - Epoch: 101/500, learning_rate: 0.000513, Training: 2.6660e-04, 
Validation: 2.7697e-04, displacement: 2.7541e-04, velocity: 5.1863e-04, 
[2025-01-04 14:14:53,144][__main__][INFO] - Epoch: 201/500, learning_rate: 0.000500, Training: 2.8459e-04, 
Validation: 2.8025e-04, displacement: 2.7677e-04, velocity: 1.1622e-03, 
[2025-01-04 14:15:25,935][__main__][INFO] - Epoch: 301/500, learning_rate: 0.000500, Training: 2.6665e-04, 
Validation: 2.7785e-04, displacement: 2.7454e-04, velocity: 1.1045e-03, 
[2025-01-04 14:15:59,710][__main__][INFO] - Epoch: 401/500, learning_rate: 0.000500, Training: 5.2400e-04, 
Validation: 5.2237e-04, displacement: 3.0825e-04, velocity: 7.1374e-02, 
[2025-01-04 14:16:34,406][__main__][INFO] - ------------------------------------------------------------------------------------------------------
[2025-01-04 14:16:34,407][__main__][INFO] - Iteration 4, Physics training
[2025-01-04 14:16:34,772][__main__][INFO] - Epoch: 1/1000, learning_rate: 0.001000, Training: 1.2026e-05, 
Validation: 1.2025e-05, velocity: 4.9405e-04, l1: 2.1086e+01
[2025-01-04 14:17:12,797][__main__][INFO] - Epoch: 101/1000, learning_rate: 0.001000, Training: 1.1973e-05, 
Validation: 1.1973e-05, velocity: 4.6083e-04, l1: 2.1181e+01
[2025-01-04 14:17:49,721][__main__][INFO] - Epoch: 201/1000, learning_rate: 0.001000, Training: 1.1930e-05, 
Validation: 1.1930e-05, velocity: 4.4181e-04, l1: 2.1209e+01
[2025-01-04 14:18:28,064][__main__][INFO] - Epoch: 301/1000, learning_rate: 0.001000, Training: 1.1888e-05, 
Validation: 1.1888e-05, velocity: 4.2775e-04, l1: 2.1210e+01
[2025-01-04 14:19:05,044][__main__][INFO] - Epoch: 401/1000, learning_rate: 0.001000, Training: 1.1847e-05, 
Validation: 1.1846e-05, velocity: 4.1664e-04, l1: 2.1193e+01
[2025-01-04 14:19:43,469][__main__][INFO] - Epoch: 501/1000, learning_rate: 0.001000, Training: 1.1804e-05, 
Validation: 1.1804e-05, velocity: 4.0748e-04, l1: 2.1163e+01
[2025-01-04 14:20:21,916][__main__][INFO] - Epoch: 601/1000, learning_rate: 0.001000, Training: 1.1767e-05, 
Validation: 1.1767e-05, velocity: 3.9592e-04, l1: 2.1159e+01
[2025-01-04 14:20:58,653][__main__][INFO] - Epoch: 701/1000, learning_rate: 0.001000, Training: 1.1758e-05, 
Validation: 1.1758e-05, velocity: 3.8035e-04, l1: 2.1233e+01
[2025-01-04 14:21:32,890][__main__][INFO] - Epoch: 801/1000, learning_rate: 0.001000, Training: 1.1754e-05, 
Validation: 1.1754e-05, velocity: 3.7138e-04, l1: 2.1279e+01
[2025-01-04 14:22:06,958][__main__][INFO] - Epoch: 901/1000, learning_rate: 0.001000, Training: 1.1752e-05, 
Validation: 1.1752e-05, velocity: 3.6608e-04, l1: 2.1307e+01
[2025-01-04 14:22:39,141][__main__][INFO] - Updated acceleration function: 0.9569*f-7.5247*x-7.3229*y-5.5192*tf.pow(x, 3)
[2025-01-04 14:22:39,146][__main__][INFO] - ------------------------------------------------------------------------------------------------------
[2025-01-04 14:22:39,146][__main__][INFO] - Iteration 4, Network training
[2025-01-04 14:22:39,465][__main__][INFO] - Epoch: 1/500, learning_rate: 0.000500, Training: 2.6481e-04, 
Validation: 2.7729e-04, displacement: 2.7476e-04, velocity: 8.4191e-04, 
[2025-01-04 14:23:13,722][__main__][INFO] - Epoch: 101/500, learning_rate: 0.000500, Training: 2.6468e-04, 
Validation: 2.7550e-04, displacement: 2.7435e-04, velocity: 3.8262e-04, 
[2025-01-04 14:23:45,529][__main__][INFO] - Epoch: 201/500, learning_rate: 0.000500, Training: 2.6467e-04, 
Validation: 2.7573e-04, displacement: 2.7455e-04, velocity: 3.9488e-04, 
[2025-01-04 14:24:18,026][__main__][INFO] - Epoch: 301/500, learning_rate: 0.000500, Training: 2.6544e-04, 
Validation: 2.7732e-04, displacement: 2.7623e-04, velocity: 3.6387e-04, 
[2025-01-04 14:24:50,108][__main__][INFO] - Epoch: 401/500, learning_rate: 0.000500, Training: 2.6621e-04, 
Validation: 2.7813e-04, displacement: 2.7677e-04, velocity: 4.5256e-04, 
[2025-01-04 14:25:22,668][__main__][INFO] - ------------------------------------------------------------------------------------------------------
[2025-01-04 14:25:22,668][__main__][INFO] - Iteration 5, Physics training
[2025-01-04 14:25:23,028][__main__][INFO] - Epoch: 1/1000, learning_rate: 0.001000, Training: 1.1759e-05, 
Validation: 1.1756e-05, velocity: 3.6453e-04, l1: 2.1325e+01
[2025-01-04 14:25:57,184][__main__][INFO] - Epoch: 101/1000, learning_rate: 0.001000, Training: 1.1744e-05, 
Validation: 1.1744e-05, velocity: 3.4326e-04, l1: 2.1428e+01
[2025-01-04 14:26:30,642][__main__][INFO] - Epoch: 201/1000, learning_rate: 0.001000, Training: 1.1742e-05, 
Validation: 1.1742e-05, velocity: 3.3619e-04, l1: 2.1466e+01
[2025-01-04 14:27:03,479][__main__][INFO] - Epoch: 301/1000, learning_rate: 0.001000, Training: 1.1741e-05, 
Validation: 1.1741e-05, velocity: 3.3285e-04, l1: 2.1486e+01
[2025-01-04 14:27:36,244][__main__][INFO] - Epoch: 401/1000, learning_rate: 0.001000, Training: 1.1741e-05, 
Validation: 1.1741e-05, velocity: 3.3128e-04, l1: 2.1495e+01
[2025-01-04 14:28:08,612][__main__][INFO] - Epoch: 501/1000, learning_rate: 0.001000, Training: 1.1741e-05, 
Validation: 1.1741e-05, velocity: 3.3056e-04, l1: 2.1499e+01
[2025-01-04 14:28:40,230][__main__][INFO] - Epoch: 601/1000, learning_rate: 0.001000, Training: 1.1741e-05, 
Validation: 1.1741e-05, velocity: 3.3025e-04, l1: 2.1501e+01
[2025-01-04 14:29:11,668][__main__][INFO] - Epoch: 701/1000, learning_rate: 0.001000, Training: 1.1741e-05, 
Validation: 1.1741e-05, velocity: 3.3012e-04, l1: 2.1502e+01
[2025-01-04 14:29:43,762][__main__][INFO] - Epoch: 801/1000, learning_rate: 0.001000, Training: 1.1741e-05, 
Validation: 1.1741e-05, velocity: 3.3007e-04, l1: 2.1502e+01
[2025-01-04 14:30:16,632][__main__][INFO] - Epoch: 901/1000, learning_rate: 0.001000, Training: 1.1741e-05, 
Validation: 1.1741e-05, velocity: 3.3005e-04, l1: 2.1502e+01
[2025-01-04 14:30:47,885][__main__][INFO] - Updated acceleration function: 0.9568*f-7.4915*x-7.3366*y-5.7161*tf.pow(x, 3)
[2025-01-04 14:30:47,891][__main__][INFO] - ------------------------------------------------------------------------------------------------------
[2025-01-04 14:30:47,891][__main__][INFO] - Iteration 5, Network training
[2025-01-04 14:30:48,211][__main__][INFO] - Epoch: 1/500, learning_rate: 0.000500, Training: 3.2520e-04, 
Validation: 1.3634e-03, displacement: 4.0911e-04, velocity: 3.1811e-01, 
[2025-01-04 14:31:22,120][__main__][INFO] - Epoch: 101/500, learning_rate: 0.000500, Training: 3.9855e-04, 
Validation: 3.6405e-04, displacement: 3.3423e-04, velocity: 9.9397e-03, 
[2025-01-04 14:31:54,208][__main__][INFO] - Epoch: 201/500, learning_rate: 0.000500, Training: 3.0027e-04, 
Validation: 2.9536e-04, displacement: 2.9258e-04, velocity: 9.2845e-04, 
[2025-01-04 14:32:26,096][__main__][INFO] - Epoch: 301/500, learning_rate: 0.000500, Training: 2.7368e-04, 
Validation: 2.8436e-04, displacement: 2.8275e-04, velocity: 5.3922e-04, 
[2025-01-04 14:32:58,660][__main__][INFO] - Epoch: 401/500, learning_rate: 0.000500, Training: 2.9613e-04, 
Validation: 2.8964e-04, displacement: 2.8022e-04, velocity: 3.1396e-03, 
[2025-01-04 14:33:31,581][__main__][INFO] - ------------------------------------------------------------------------------------------------------
[2025-01-04 14:33:31,581][__main__][INFO] - Iteration 6, Physics training
[2025-01-04 14:33:31,907][__main__][INFO] - Epoch: 1/1000, learning_rate: 0.001000, Training: 1.1741e-05, 
Validation: 1.1741e-05, velocity: 3.3137e-04, l1: 2.1495e+01
[2025-01-04 14:34:04,279][__main__][INFO] - Epoch: 101/1000, learning_rate: 0.001000, Training: 1.1741e-05, 
Validation: 1.1741e-05, velocity: 3.3047e-04, l1: 2.1500e+01
[2025-01-04 14:34:38,240][__main__][INFO] - Epoch: 201/1000, learning_rate: 0.001000, Training: 1.1741e-05, 
Validation: 1.1742e-05, velocity: 3.3017e-04, l1: 2.1502e+01
[2025-01-04 14:35:11,514][__main__][INFO] - Epoch: 301/1000, learning_rate: 0.001000, Training: 1.1741e-05, 
Validation: 1.1741e-05, velocity: 3.3008e-04, l1: 2.1502e+01
[2025-01-04 14:35:44,829][__main__][INFO] - Epoch: 401/1000, learning_rate: 0.001000, Training: 1.1741e-05, 
Validation: 1.1741e-05, velocity: 3.3005e-04, l1: 2.1502e+01
[2025-01-04 14:36:17,606][__main__][INFO] - Epoch: 501/1000, learning_rate: 0.001000, Training: 1.1741e-05, 
Validation: 1.1741e-05, velocity: 3.3005e-04, l1: 2.1502e+01
[2025-01-04 14:36:49,138][__main__][INFO] - Epoch: 601/1000, learning_rate: 0.001000, Training: 1.1741e-05, 
Validation: 1.1741e-05, velocity: 3.3005e-04, l1: 2.1503e+01
[2025-01-04 14:37:21,276][__main__][INFO] - Epoch: 701/1000, learning_rate: 0.001000, Training: 1.1741e-05, 
Validation: 1.1741e-05, velocity: 3.3005e-04, l1: 2.1502e+01
[2025-01-04 14:37:53,830][__main__][INFO] - Epoch: 801/1000, learning_rate: 0.001000, Training: 1.1741e-05, 
Validation: 1.1741e-05, velocity: 3.3005e-04, l1: 2.1503e+01
[2025-01-04 14:38:25,992][__main__][INFO] - Epoch: 901/1000, learning_rate: 0.001000, Training: 1.1741e-05, 
Validation: 1.1741e-05, velocity: 3.3005e-04, l1: 2.1503e+01
[2025-01-04 14:38:56,956][__main__][INFO] - Updated acceleration function: 0.9568*f-7.4915*x-7.3366*y-5.7161*tf.pow(x, 3)
[2025-01-04 14:38:56,962][__main__][INFO] - ------------------------------------------------------------------------------------------------------
[2025-01-04 14:38:56,962][__main__][INFO] - Iteration 6, Network training
[2025-01-04 14:38:57,334][__main__][INFO] - Epoch: 1/500, learning_rate: 0.000500, Training: 2.6533e-04, 
Validation: 2.7494e-04, displacement: 2.7394e-04, velocity: 3.3245e-04, 
[2025-01-04 14:39:31,220][__main__][INFO] - Epoch: 101/500, learning_rate: 0.000500, Training: 2.6398e-04, 
Validation: 2.7456e-04, displacement: 2.7357e-04, velocity: 3.2951e-04, 
[2025-01-04 14:40:05,702][__main__][INFO] - Epoch: 201/500, learning_rate: 0.000500, Training: 2.6377e-04, 
Validation: 2.7432e-04, displacement: 2.7331e-04, velocity: 3.3610e-04, 
[2025-01-04 14:40:37,955][__main__][INFO] - Epoch: 301/500, learning_rate: 0.000500, Training: 2.6459e-04, 
Validation: 2.7511e-04, displacement: 2.7360e-04, velocity: 5.0322e-04, 
[2025-01-04 14:41:09,271][__main__][INFO] - Epoch: 401/500, learning_rate: 0.000500, Training: 2.6388e-04, 
Validation: 2.7453e-04, displacement: 2.7355e-04, velocity: 3.2650e-04, 
