[2025-01-04 14:41:41,337][__main__][INFO] - INFO LEVEL MESSAGE: 

[2025-01-04 14:41:41,340][__main__][INFO] - CONFIG: 
data:
  system: duffing
  type: nonautonomous
  split_ratio: 0.7
  noise_ratio: 25
model:
  fno_flag: true
  kernel_size: 128
  filters: 64
  kernel_size_1: 4
  modes: 200
  velocity_modes: 2000
  input_dim: 1
  lifting_dim: 64
  output_dim: 1
  output_dim_parallel: 1
training:
  batch_size: 5
  pretrain_epochs: 1800
  pretrain_lr: 0.001
  network_epochs: 500
  network_initial_lr: 0.001
  network_decay_steps: 100
  network_decay_rate: 0.98
  network_minimum_lr: 0.0005
  physics_epochs: 1000
  physics_initial_lr: 0.01
  physics_decay_steps: 100
  physics_decay_rate: 0.96
  physics_minimum_lr: 0.001
  alternate_number: 6
  lambda_velocity_int: 0.003
  lambda_l1: 5.0e-07
dirs:
  figures: ./figures/
  results: ./results/
  checkpoints: ./checkpoints/
  profiler: ./tboard/profiler/
  graphs: ./tboard/graphs/
  training: ./tboard/training/
  validation: ./tboard/validation/
  weights: ./tboard/weights/

[2025-01-04 14:41:41,569][__main__][INFO] - Pretrain the displacement network
[2025-01-04 14:41:42,082][__main__][INFO] - Epoch: 1/1800, learning_rate: 0.001000, Training: 7.5232e-02, Validation: 4.7102e-02, 
[2025-01-04 14:42:16,380][__main__][INFO] - Epoch: 101/1800, learning_rate: 0.001000, Training: 3.3121e-04, Validation: 3.0818e-04, 
[2025-01-04 14:42:49,350][__main__][INFO] - Epoch: 201/1800, learning_rate: 0.001000, Training: 2.8253e-04, Validation: 2.8326e-04, 
[2025-01-04 14:43:21,402][__main__][INFO] - Epoch: 301/1800, learning_rate: 0.001000, Training: 3.1037e-04, Validation: 2.8407e-04, 
[2025-01-04 14:43:53,208][__main__][INFO] - Epoch: 401/1800, learning_rate: 0.001000, Training: 5.0543e-04, Validation: 5.4084e-04, 
[2025-01-04 14:44:25,138][__main__][INFO] - Epoch: 501/1800, learning_rate: 0.001000, Training: 2.7776e-04, Validation: 2.7929e-04, 
[2025-01-04 14:44:57,353][__main__][INFO] - Epoch: 601/1800, learning_rate: 0.001000, Training: 2.7836e-04, Validation: 2.8012e-04, 
[2025-01-04 14:45:30,260][__main__][INFO] - Epoch: 701/1800, learning_rate: 0.001000, Training: 3.0600e-04, Validation: 2.8403e-04, 
[2025-01-04 14:46:02,960][__main__][INFO] - Epoch: 801/1800, learning_rate: 0.001000, Training: 2.7984e-04, Validation: 2.8023e-04, 
[2025-01-04 14:46:35,653][__main__][INFO] - Epoch: 901/1800, learning_rate: 0.001000, Training: 4.2764e-04, Validation: 3.4058e-04, 
[2025-01-04 14:47:08,207][__main__][INFO] - Epoch: 1001/1800, learning_rate: 0.001000, Training: 3.3854e-04, Validation: 3.5183e-04, 
[2025-01-04 14:47:40,345][__main__][INFO] - Epoch: 1101/1800, learning_rate: 0.001000, Training: 2.8145e-04, Validation: 2.8481e-04, 
[2025-01-04 14:48:12,220][__main__][INFO] - Epoch: 1201/1800, learning_rate: 0.001000, Training: 2.8539e-04, Validation: 2.9436e-04, 
[2025-01-04 14:48:43,840][__main__][INFO] - Epoch: 1301/1800, learning_rate: 0.001000, Training: 2.8602e-04, Validation: 2.9368e-04, 
[2025-01-04 14:49:16,190][__main__][INFO] - Epoch: 1401/1800, learning_rate: 0.001000, Training: 3.3769e-04, Validation: 3.0704e-04, 
[2025-01-04 14:49:47,852][__main__][INFO] - Epoch: 1501/1800, learning_rate: 0.001000, Training: 3.3764e-04, Validation: 3.4954e-04, 
[2025-01-04 14:50:19,065][__main__][INFO] - Epoch: 1601/1800, learning_rate: 0.001000, Training: 2.8390e-04, Validation: 2.9066e-04, 
[2025-01-04 14:50:50,648][__main__][INFO] - Epoch: 1701/1800, learning_rate: 0.001000, Training: 2.8292e-04, Validation: 2.8909e-04, 
[2025-01-04 14:51:24,010][__main__][INFO] - ------------------------------------------------------------------------------------------------------
[2025-01-04 14:51:24,010][__main__][INFO] - Iteration 1, Physics training
[2025-01-04 14:51:24,464][__main__][INFO] - Epoch: 1/1000, learning_rate: 0.009988, Training: 9.4523e-03, 
Validation: 9.0427e-03, velocity: 3.0108e+00, l1: 2.0717e+01
[2025-01-04 14:52:08,571][__main__][INFO] - Epoch: 101/1000, learning_rate: 0.008837, Training: 2.0290e-04, 
Validation: 2.0232e-04, velocity: 6.5544e-02, l1: 1.1366e+01
[2025-01-04 14:52:51,579][__main__][INFO] - Epoch: 201/1000, learning_rate: 0.007818, Training: 1.3487e-04, 
Validation: 1.3454e-04, velocity: 4.2008e-02, l1: 1.7024e+01
[2025-01-04 14:53:33,832][__main__][INFO] - Epoch: 301/1000, learning_rate: 0.006917, Training: 9.5703e-05, 
Validation: 9.5507e-05, velocity: 2.8262e-02, l1: 2.1440e+01
[2025-01-04 14:54:15,859][__main__][INFO] - Epoch: 401/1000, learning_rate: 0.006120, Training: 7.2521e-05, 
Validation: 7.2401e-05, velocity: 2.0019e-02, l1: 2.4687e+01
[2025-01-04 14:54:57,847][__main__][INFO] - Epoch: 501/1000, learning_rate: 0.005414, Training: 5.7900e-05, 
Validation: 5.7822e-05, velocity: 1.4778e-02, l1: 2.6976e+01
[2025-01-04 14:55:39,884][__main__][INFO] - Epoch: 601/1000, learning_rate: 0.004790, Training: 4.8067e-05, 
Validation: 4.8013e-05, velocity: 1.1233e-02, l1: 2.8627e+01
[2025-01-04 14:56:22,085][__main__][INFO] - Epoch: 701/1000, learning_rate: 0.004238, Training: 4.1070e-05, 
Validation: 4.1030e-05, velocity: 8.7243e-03, l1: 2.9715e+01
[2025-01-04 14:57:04,522][__main__][INFO] - Epoch: 801/1000, learning_rate: 0.003750, Training: 3.5870e-05, 
Validation: 3.5840e-05, velocity: 6.8896e-03, l1: 3.0342e+01
[2025-01-04 14:57:48,600][__main__][INFO] - Epoch: 901/1000, learning_rate: 0.003317, Training: 3.1910e-05, 
Validation: 3.1888e-05, velocity: 5.5212e-03, l1: 3.0648e+01
[2025-01-04 14:58:31,422][__main__][INFO] - Updated acceleration function: 0.7106*f-8.2836*x-4.2650*y-5.9605*tf.pow(x, 3)-2.5373*tf.multiply(tf.pow(x, 2), y)-0.9581*tf.multiply(x, tf.pow(y, 2))+0.4509*tf.pow(y, 3)+1.0912*tf.multiply(x, tf.pow(y, 3))-5.2884*tf.pow(x, 5)+1.2511*tf.pow(y, 5)
[2025-01-04 14:58:31,428][__main__][INFO] - ------------------------------------------------------------------------------------------------------
[2025-01-04 14:58:31,428][__main__][INFO] - Iteration 1, Network training
[2025-01-04 14:58:31,866][__main__][INFO] - Epoch: 1/500, learning_rate: 0.000999, Training: 2.3929e-01, 
Validation: 1.8893e-02, displacement: 1.7480e-02, velocity: 4.7112e-01, 
[2025-01-04 14:59:08,800][__main__][INFO] - Epoch: 101/500, learning_rate: 0.000941, Training: 3.9921e-04, 
Validation: 3.8191e-04, displacement: 3.6547e-04, velocity: 5.4799e-03, 
[2025-01-04 14:59:43,564][__main__][INFO] - Epoch: 201/500, learning_rate: 0.000885, Training: 1.1619e-03, 
Validation: 1.4643e-03, displacement: 4.1710e-04, velocity: 3.4907e-01, 
[2025-01-04 15:00:17,556][__main__][INFO] - Epoch: 301/500, learning_rate: 0.000833, Training: 4.2751e-04, 
Validation: 3.1919e-04, displacement: 2.9714e-04, velocity: 7.3497e-03, 
[2025-01-04 15:00:51,684][__main__][INFO] - Epoch: 401/500, learning_rate: 0.000784, Training: 3.2797e-04, 
Validation: 3.1672e-04, displacement: 2.8660e-04, velocity: 1.0041e-02, 
[2025-01-04 15:01:27,375][__main__][INFO] - ------------------------------------------------------------------------------------------------------
[2025-01-04 15:01:27,375][__main__][INFO] - Iteration 2, Physics training
[2025-01-04 15:01:27,758][__main__][INFO] - Epoch: 1/1000, learning_rate: 0.002935, Training: 2.8834e-05, 
Validation: 2.8819e-05, velocity: 4.4731e-03, l1: 3.0800e+01
[2025-01-04 15:02:05,929][__main__][INFO] - Epoch: 101/1000, learning_rate: 0.002597, Training: 2.6819e-05, 
Validation: 2.6807e-05, velocity: 3.7981e-03, l1: 3.0826e+01
[2025-01-04 15:02:45,679][__main__][INFO] - Epoch: 201/1000, learning_rate: 0.002297, Training: 2.5240e-05, 
Validation: 2.5231e-05, velocity: 3.2854e-03, l1: 3.0749e+01
[2025-01-04 15:03:25,314][__main__][INFO] - Epoch: 301/1000, learning_rate: 0.002033, Training: 2.3944e-05, 
Validation: 2.3936e-05, velocity: 2.8740e-03, l1: 3.0629e+01
[2025-01-04 15:04:05,681][__main__][INFO] - Epoch: 401/1000, learning_rate: 0.001798, Training: 2.2869e-05, 
Validation: 2.2863e-05, velocity: 2.5397e-03, l1: 3.0487e+01
[2025-01-04 15:04:45,205][__main__][INFO] - Epoch: 501/1000, learning_rate: 0.001591, Training: 2.1971e-05, 
Validation: 2.1965e-05, velocity: 2.2653e-03, l1: 3.0339e+01
[2025-01-04 15:05:28,020][__main__][INFO] - Epoch: 601/1000, learning_rate: 0.001408, Training: 2.1216e-05, 
Validation: 2.1211e-05, velocity: 2.0383e-03, l1: 3.0193e+01
[2025-01-04 15:06:08,510][__main__][INFO] - Epoch: 701/1000, learning_rate: 0.001245, Training: 2.0578e-05, 
Validation: 2.0574e-05, velocity: 1.8494e-03, l1: 3.0051e+01
[2025-01-04 15:06:47,037][__main__][INFO] - Epoch: 801/1000, learning_rate: 0.001102, Training: 2.0085e-05, 
Validation: 2.0082e-05, velocity: 1.6796e-03, l1: 3.0086e+01
[2025-01-04 15:07:24,633][__main__][INFO] - Epoch: 901/1000, learning_rate: 0.001000, Training: 1.9705e-05, 
Validation: 1.9702e-05, velocity: 1.5309e-03, l1: 3.0219e+01
[2025-01-04 15:08:02,378][__main__][INFO] - Updated acceleration function: 0.8386*f-9.0263*x-6.7100*y-7.0156*tf.pow(x, 3)-1.1838*tf.multiply(x, tf.pow(y, 2))+0.1580*tf.pow(y, 3)+0.5361*tf.multiply(x, tf.pow(y, 3))-3.3220*tf.pow(x, 5)+1.5517*tf.pow(y, 5)
[2025-01-04 15:08:02,382][__main__][INFO] - ------------------------------------------------------------------------------------------------------
[2025-01-04 15:08:02,382][__main__][INFO] - Iteration 2, Network training
[2025-01-04 15:08:02,725][__main__][INFO] - Epoch: 1/500, learning_rate: 0.000738, Training: 3.3901e-04, 
Validation: 7.6544e-04, displacement: 3.0923e-04, velocity: 1.5207e-01, 
[2025-01-04 15:08:36,051][__main__][INFO] - Epoch: 101/500, learning_rate: 0.000695, Training: 3.7829e-04, 
Validation: 3.5213e-04, displacement: 3.1840e-04, velocity: 1.1241e-02, 
[2025-01-04 15:09:10,643][__main__][INFO] - Epoch: 201/500, learning_rate: 0.000654, Training: 3.1616e-04, 
Validation: 3.3023e-04, displacement: 2.9405e-04, velocity: 1.2059e-02, 
[2025-01-04 15:09:45,658][__main__][INFO] - Epoch: 301/500, learning_rate: 0.000615, Training: 2.9592e-04, 
Validation: 2.9742e-04, displacement: 2.8732e-04, velocity: 3.3668e-03, 
[2025-01-04 15:10:20,773][__main__][INFO] - Epoch: 401/500, learning_rate: 0.000579, Training: 2.9551e-04, 
Validation: 2.9143e-04, displacement: 2.8337e-04, velocity: 2.6870e-03, 
[2025-01-04 15:10:56,888][__main__][INFO] - ------------------------------------------------------------------------------------------------------
[2025-01-04 15:10:56,888][__main__][INFO] - Iteration 3, Physics training
[2025-01-04 15:10:57,300][__main__][INFO] - Epoch: 1/1000, learning_rate: 0.001000, Training: 1.9043e-05, 
Validation: 1.9039e-05, velocity: 1.2890e-03, l1: 3.0343e+01
[2025-01-04 15:11:38,188][__main__][INFO] - Epoch: 101/1000, learning_rate: 0.001000, Training: 1.8586e-05, 
Validation: 1.8583e-05, velocity: 1.1382e-03, l1: 3.0338e+01
[2025-01-04 15:12:16,135][__main__][INFO] - Epoch: 201/1000, learning_rate: 0.001000, Training: 1.8297e-05, 
Validation: 1.8296e-05, velocity: 1.0372e-03, l1: 3.0368e+01
[2025-01-04 15:12:55,307][__main__][INFO] - Epoch: 301/1000, learning_rate: 0.001000, Training: 1.8045e-05, 
Validation: 1.8044e-05, velocity: 9.4630e-04, l1: 3.0410e+01
[2025-01-04 15:13:34,285][__main__][INFO] - Epoch: 401/1000, learning_rate: 0.001000, Training: 1.7823e-05, 
Validation: 1.7821e-05, velocity: 8.6408e-04, l1: 3.0459e+01
[2025-01-04 15:14:12,918][__main__][INFO] - Epoch: 501/1000, learning_rate: 0.001000, Training: 1.7656e-05, 
Validation: 1.7655e-05, velocity: 7.8716e-04, l1: 3.0588e+01
[2025-01-04 15:14:52,197][__main__][INFO] - Epoch: 601/1000, learning_rate: 0.001000, Training: 1.7529e-05, 
Validation: 1.7528e-05, velocity: 7.2265e-04, l1: 3.0720e+01
[2025-01-04 15:15:38,068][__main__][INFO] - Epoch: 701/1000, learning_rate: 0.001000, Training: 1.7423e-05, 
Validation: 1.7422e-05, velocity: 6.7150e-04, l1: 3.0815e+01
[2025-01-04 15:16:17,174][__main__][INFO] - Epoch: 801/1000, learning_rate: 0.001000, Training: 1.7332e-05, 
Validation: 1.7332e-05, velocity: 6.3140e-04, l1: 3.0876e+01
[2025-01-04 15:16:55,564][__main__][INFO] - Epoch: 901/1000, learning_rate: 0.001000, Training: 1.7253e-05, 
Validation: 1.7253e-05, velocity: 6.0026e-04, l1: 3.0904e+01
[2025-01-04 15:17:33,844][__main__][INFO] - Updated acceleration function: 0.9173*f-9.1339*x-7.7910*y-8.5201*tf.pow(x, 3)-0.9948*tf.multiply(x, tf.pow(y, 2))-1.8499*tf.pow(x, 5)+1.6953*tf.pow(y, 5)
[2025-01-04 15:17:33,850][__main__][INFO] - ------------------------------------------------------------------------------------------------------
[2025-01-04 15:17:33,850][__main__][INFO] - Iteration 3, Network training
[2025-01-04 15:17:34,185][__main__][INFO] - Epoch: 1/500, learning_rate: 0.000545, Training: 1.2576e-03, 
Validation: 5.7669e-03, displacement: 6.3562e-04, velocity: 1.7104e+00, 
[2025-01-04 15:18:10,287][__main__][INFO] - Epoch: 101/500, learning_rate: 0.000513, Training: 2.8090e-04, 
Validation: 2.8339e-04, displacement: 2.8173e-04, velocity: 5.5217e-04, 
[2025-01-04 15:18:47,463][__main__][INFO] - Epoch: 201/500, learning_rate: 0.000500, Training: 2.7959e-04, 
Validation: 2.8229e-04, displacement: 2.8059e-04, velocity: 5.6449e-04, 
[2025-01-04 15:19:21,120][__main__][INFO] - Epoch: 301/500, learning_rate: 0.000500, Training: 3.1256e-04, 
Validation: 2.9172e-04, displacement: 2.8129e-04, velocity: 3.4747e-03, 
[2025-01-04 15:19:55,261][__main__][INFO] - Epoch: 401/500, learning_rate: 0.000500, Training: 5.1717e-04, 
Validation: 5.9470e-04, displacement: 2.9685e-04, velocity: 9.9283e-02, 
[2025-01-04 15:20:30,062][__main__][INFO] - ------------------------------------------------------------------------------------------------------
[2025-01-04 15:20:30,063][__main__][INFO] - Iteration 4, Physics training
[2025-01-04 15:20:30,453][__main__][INFO] - Epoch: 1/1000, learning_rate: 0.001000, Training: 1.7066e-05, 
Validation: 1.7050e-05, velocity: 5.3308e-04, l1: 3.0902e+01
[2025-01-04 15:21:10,043][__main__][INFO] - Epoch: 101/1000, learning_rate: 0.001000, Training: 1.6751e-05, 
Validation: 1.6751e-05, velocity: 4.5431e-04, l1: 3.0776e+01
[2025-01-04 15:21:49,929][__main__][INFO] - Epoch: 201/1000, learning_rate: 0.001000, Training: 1.6679e-05, 
Validation: 1.6678e-05, velocity: 4.4414e-04, l1: 3.0691e+01
[2025-01-04 15:22:29,050][__main__][INFO] - Epoch: 301/1000, learning_rate: 0.001000, Training: 1.6613e-05, 
Validation: 1.6613e-05, velocity: 4.3382e-04, l1: 3.0623e+01
[2025-01-04 15:23:06,474][__main__][INFO] - Epoch: 401/1000, learning_rate: 0.001000, Training: 1.6549e-05, 
Validation: 1.6548e-05, velocity: 4.2543e-04, l1: 3.0544e+01
[2025-01-04 15:23:44,011][__main__][INFO] - Epoch: 501/1000, learning_rate: 0.001000, Training: 1.6485e-05, 
Validation: 1.6485e-05, velocity: 4.1899e-04, l1: 3.0455e+01
[2025-01-04 15:24:22,857][__main__][INFO] - Epoch: 601/1000, learning_rate: 0.001000, Training: 1.6422e-05, 
Validation: 1.6421e-05, velocity: 4.1391e-04, l1: 3.0359e+01
[2025-01-04 15:25:00,998][__main__][INFO] - Epoch: 701/1000, learning_rate: 0.001000, Training: 1.6358e-05, 
Validation: 1.6358e-05, velocity: 4.0970e-04, l1: 3.0257e+01
[2025-01-04 15:25:40,069][__main__][INFO] - Epoch: 801/1000, learning_rate: 0.001000, Training: 1.6295e-05, 
Validation: 1.6295e-05, velocity: 4.0604e-04, l1: 3.0154e+01
[2025-01-04 15:26:19,366][__main__][INFO] - Epoch: 901/1000, learning_rate: 0.001000, Training: 1.6233e-05, 
Validation: 1.6233e-05, velocity: 4.0275e-04, l1: 3.0049e+01
[2025-01-04 15:26:58,660][__main__][INFO] - Updated acceleration function: 0.9306*f-8.9801*x-7.8912*y-10.3644*tf.pow(x, 3)-0.2933*tf.pow(x, 5)+1.4731*tf.pow(y, 5)
[2025-01-04 15:26:58,665][__main__][INFO] - ------------------------------------------------------------------------------------------------------
[2025-01-04 15:26:58,665][__main__][INFO] - Iteration 4, Network training
[2025-01-04 15:26:59,021][__main__][INFO] - Epoch: 1/500, learning_rate: 0.000500, Training: 3.1266e-04, 
Validation: 5.5969e-04, displacement: 3.0216e-04, velocity: 8.5845e-02, 
[2025-01-04 15:27:34,320][__main__][INFO] - Epoch: 101/500, learning_rate: 0.000500, Training: 2.7858e-04, 
Validation: 2.8166e-04, displacement: 2.8027e-04, velocity: 4.6421e-04, 
[2025-01-04 15:28:06,978][__main__][INFO] - Epoch: 201/500, learning_rate: 0.000500, Training: 3.4528e-04, 
Validation: 3.4929e-04, displacement: 2.8277e-04, velocity: 2.2173e-02, 
[2025-01-04 15:28:40,204][__main__][INFO] - Epoch: 301/500, learning_rate: 0.000500, Training: 3.3429e-04, 
Validation: 2.8420e-04, displacement: 2.8181e-04, velocity: 7.9715e-04, 
[2025-01-04 15:29:12,997][__main__][INFO] - Epoch: 401/500, learning_rate: 0.000500, Training: 2.9859e-04, 
Validation: 2.9167e-04, displacement: 2.9035e-04, velocity: 4.4006e-04, 
[2025-01-04 15:29:46,696][__main__][INFO] - ------------------------------------------------------------------------------------------------------
[2025-01-04 15:29:46,697][__main__][INFO] - Iteration 5, Physics training
[2025-01-04 15:29:47,122][__main__][INFO] - Epoch: 1/1000, learning_rate: 0.001000, Training: 1.6146e-05, 
Validation: 1.6119e-05, velocity: 3.8397e-04, l1: 2.9934e+01
[2025-01-04 15:30:24,702][__main__][INFO] - Epoch: 101/1000, learning_rate: 0.001000, Training: 1.5941e-05, 
Validation: 1.5941e-05, velocity: 3.5388e-04, l1: 2.9758e+01
[2025-01-04 15:31:02,397][__main__][INFO] - Epoch: 201/1000, learning_rate: 0.001000, Training: 1.5894e-05, 
Validation: 1.5893e-05, velocity: 3.4551e-04, l1: 2.9714e+01
[2025-01-04 15:31:40,119][__main__][INFO] - Epoch: 301/1000, learning_rate: 0.001000, Training: 1.5878e-05, 
Validation: 1.5878e-05, velocity: 3.2238e-04, l1: 2.9822e+01
[2025-01-04 15:32:18,450][__main__][INFO] - Epoch: 401/1000, learning_rate: 0.001000, Training: 1.5872e-05, 
Validation: 1.5872e-05, velocity: 3.0699e-04, l1: 2.9901e+01
[2025-01-04 15:32:54,217][__main__][INFO] - Epoch: 501/1000, learning_rate: 0.001000, Training: 1.5870e-05, 
Validation: 1.5869e-05, velocity: 2.9747e-04, l1: 2.9954e+01
[2025-01-04 15:33:28,278][__main__][INFO] - Epoch: 601/1000, learning_rate: 0.001000, Training: 1.5869e-05, 
Validation: 1.5868e-05, velocity: 2.9173e-04, l1: 2.9986e+01
[2025-01-04 15:34:03,436][__main__][INFO] - Epoch: 701/1000, learning_rate: 0.001000, Training: 1.5868e-05, 
Validation: 1.5868e-05, velocity: 2.8840e-04, l1: 3.0006e+01
[2025-01-04 15:34:37,063][__main__][INFO] - Epoch: 801/1000, learning_rate: 0.001000, Training: 1.5868e-05, 
Validation: 1.5868e-05, velocity: 2.8654e-04, l1: 3.0017e+01
[2025-01-04 15:35:10,376][__main__][INFO] - Epoch: 901/1000, learning_rate: 0.001000, Training: 1.5868e-05, 
Validation: 1.5868e-05, velocity: 2.8561e-04, l1: 3.0023e+01
[2025-01-04 15:35:43,190][__main__][INFO] - Updated acceleration function: 0.9383*f-8.8840*x-7.9060*y-11.0596*tf.pow(x, 3)+1.2366*tf.pow(y, 5)
[2025-01-04 15:35:43,195][__main__][INFO] - ------------------------------------------------------------------------------------------------------
[2025-01-04 15:35:43,195][__main__][INFO] - Iteration 5, Network training
[2025-01-04 15:35:43,547][__main__][INFO] - Epoch: 1/500, learning_rate: 0.000500, Training: 2.9811e-04, 
Validation: 3.0790e-04, displacement: 2.8280e-04, velocity: 8.3664e-03, 
[2025-01-04 15:36:15,826][__main__][INFO] - Epoch: 101/500, learning_rate: 0.000500, Training: 3.2042e-04, 
Validation: 2.9962e-04, displacement: 2.9312e-04, velocity: 2.1661e-03, 
[2025-01-04 15:36:48,485][__main__][INFO] - Epoch: 201/500, learning_rate: 0.000500, Training: 3.4368e-04, 
Validation: 2.9669e-04, displacement: 2.8746e-04, velocity: 3.0753e-03, 
[2025-01-04 15:37:20,408][__main__][INFO] - Epoch: 301/500, learning_rate: 0.000500, Training: 2.8598e-04, 
Validation: 2.8790e-04, displacement: 2.8171e-04, velocity: 2.0627e-03, 
[2025-01-04 15:37:52,550][__main__][INFO] - Epoch: 401/500, learning_rate: 0.000500, Training: 3.6494e-04, 
Validation: 3.5086e-04, displacement: 2.8394e-04, velocity: 2.2307e-02, 
[2025-01-04 15:38:25,605][__main__][INFO] - ------------------------------------------------------------------------------------------------------
[2025-01-04 15:38:25,605][__main__][INFO] - Iteration 6, Physics training
[2025-01-04 15:38:25,927][__main__][INFO] - Epoch: 1/1000, learning_rate: 0.001000, Training: 1.5868e-05, 
Validation: 1.5868e-05, velocity: 2.8696e-04, l1: 3.0015e+01
[2025-01-04 15:38:57,644][__main__][INFO] - Epoch: 101/1000, learning_rate: 0.001000, Training: 1.5868e-05, 
Validation: 1.5868e-05, velocity: 2.8570e-04, l1: 3.0022e+01
[2025-01-04 15:39:29,332][__main__][INFO] - Epoch: 201/1000, learning_rate: 0.001000, Training: 1.5868e-05, 
Validation: 1.5868e-05, velocity: 2.8512e-04, l1: 3.0026e+01
[2025-01-04 15:40:01,449][__main__][INFO] - Epoch: 301/1000, learning_rate: 0.001000, Training: 1.5868e-05, 
Validation: 1.5868e-05, velocity: 2.8487e-04, l1: 3.0027e+01
[2025-01-04 15:40:33,842][__main__][INFO] - Epoch: 401/1000, learning_rate: 0.001000, Training: 1.5868e-05, 
Validation: 1.5868e-05, velocity: 2.8477e-04, l1: 3.0028e+01
[2025-01-04 15:41:05,415][__main__][INFO] - Epoch: 501/1000, learning_rate: 0.001000, Training: 1.5868e-05, 
Validation: 1.5868e-05, velocity: 2.8472e-04, l1: 3.0028e+01
[2025-01-04 15:41:37,400][__main__][INFO] - Epoch: 601/1000, learning_rate: 0.001000, Training: 1.5868e-05, 
Validation: 1.5868e-05, velocity: 2.8472e-04, l1: 3.0028e+01
[2025-01-04 15:42:09,348][__main__][INFO] - Epoch: 701/1000, learning_rate: 0.001000, Training: 1.5868e-05, 
Validation: 1.5868e-05, velocity: 2.8472e-04, l1: 3.0028e+01
[2025-01-04 15:42:41,218][__main__][INFO] - Epoch: 801/1000, learning_rate: 0.001000, Training: 1.5868e-05, 
Validation: 1.5868e-05, velocity: 2.8472e-04, l1: 3.0028e+01
[2025-01-04 15:43:13,191][__main__][INFO] - Epoch: 901/1000, learning_rate: 0.001000, Training: 1.5868e-05, 
Validation: 1.5868e-05, velocity: 2.8472e-04, l1: 3.0028e+01
[2025-01-04 15:43:45,028][__main__][INFO] - Updated acceleration function: 0.9383*f-8.8836*x-7.9063*y-11.0620*tf.pow(x, 3)+1.2367*tf.pow(y, 5)
[2025-01-04 15:43:45,033][__main__][INFO] - ------------------------------------------------------------------------------------------------------
[2025-01-04 15:43:45,033][__main__][INFO] - Iteration 6, Network training
[2025-01-04 15:43:45,359][__main__][INFO] - Epoch: 1/500, learning_rate: 0.000500, Training: 3.7029e-04, 
Validation: 1.0717e-03, displacement: 3.5427e-04, velocity: 2.3915e-01, 
[2025-01-04 15:44:17,329][__main__][INFO] - Epoch: 101/500, learning_rate: 0.000500, Training: 3.8730e-04, 
Validation: 3.7675e-04, displacement: 3.6535e-04, velocity: 3.7988e-03, 
[2025-01-04 15:44:50,047][__main__][INFO] - Epoch: 201/500, learning_rate: 0.000500, Training: 2.9704e-04, 
Validation: 3.0233e-04, displacement: 2.9429e-04, velocity: 2.6796e-03, 
[2025-01-04 15:45:22,401][__main__][INFO] - Epoch: 301/500, learning_rate: 0.000500, Training: 2.8517e-04, 
Validation: 2.8803e-04, displacement: 2.8621e-04, velocity: 6.0658e-04, 
[2025-01-04 15:45:55,299][__main__][INFO] - Epoch: 401/500, learning_rate: 0.000500, Training: 6.6825e-04, 
Validation: 8.0758e-04, displacement: 3.2800e-04, velocity: 1.5986e-01, 
